TN:
SF:src/core/CarefulMath.sol
FN:25,CarefulMath.mulUInt
FNDA:14068,CarefulMath.mulUInt
DA:26,14068
BRDA:26,0,0,12
BRDA:26,0,1,14056
DA:27,12
DA:30,14056
DA:32,14056
BRDA:32,1,0,-
BRDA:32,1,1,14056
DA:33,0
DA:35,14056
FN:42,CarefulMath.divUInt
FNDA:10635,CarefulMath.divUInt
DA:43,10635
BRDA:43,2,0,-
BRDA:43,2,1,10635
DA:44,0
DA:47,10635
FN:53,CarefulMath.subUInt
FNDA:4429,CarefulMath.subUInt
DA:54,4429
BRDA:54,3,0,4428
BRDA:54,3,1,1
DA:55,4428
DA:57,1
FN:64,CarefulMath.addUInt
FNDA:14826,CarefulMath.addUInt
DA:65,14826
DA:67,14826
BRDA:67,4,0,14826
BRDA:67,4,1,-
DA:68,14826
DA:70,0
FN:77,CarefulMath.addThenSubUInt
FNDA:4400,CarefulMath.addThenSubUInt
DA:78,4400
DA:80,4400
BRDA:80,5,0,-
BRDA:80,5,1,4400
DA:81,0
DA:84,4400
FNF:5
FNH:5
LF:20
LH:16
BRF:12
BRH:8
end_of_record
TN:
SF:src/core/Comptroller.sol
FN:81,Comptroller.getAssetsIn
FNDA:0,Comptroller.getAssetsIn
DA:82,0
DA:84,0
FN:93,Comptroller.checkMembership
FNDA:0,Comptroller.checkMembership
DA:94,0
FN:102,Comptroller.enterMarkets
FNDA:1,Comptroller.enterMarkets
DA:103,1
DA:105,1
DA:106,1
DA:107,1
DA:109,1
DA:112,1
FN:121,Comptroller.addToMarketInternal
FNDA:1809,Comptroller.addToMarketInternal
DA:122,1809
DA:124,1809
BRDA:124,0,0,-
BRDA:124,0,1,1809
DA:126,0
DA:129,1809
BRDA:129,1,0,-
BRDA:129,1,1,1809
DA:131,0
DA:139,1809
DA:140,1809
DA:142,1809
DA:144,1809
FN:154,Comptroller.exitMarket
FNDA:0,Comptroller.exitMarket
DA:155,0
DA:157,0
DA:158,0
BRDA:158,2,0,-
BRDA:158,2,1,-
DA:161,0
BRDA:161,3,0,-
BRDA:161,3,1,-
DA:162,0
DA:166,0
DA:167,0
BRDA:167,4,0,-
BRDA:167,4,1,-
DA:168,0
DA:171,0
DA:174,0
BRDA:174,5,0,-
BRDA:174,5,1,-
DA:175,0
DA:179,0
DA:183,0
DA:184,0
DA:185,0
DA:186,0
DA:187,0
BRDA:187,6,0,-
BRDA:187,6,1,-
DA:188,0
DA:189,0
DA:194,0
BRDA:194,7,0,-
BRDA:194,7,1,-
DA:197,0
DA:198,0
DA:199,0
DA:201,0
DA:203,0
FN:215,Comptroller.mintAllowed
FNDA:3383,Comptroller.mintAllowed
DA:217,3383
BRDA:217,8,0,-
BRDA:217,8,1,3383
DA:222,3383
BRDA:222,9,0,-
BRDA:222,9,1,-
DA:223,0
DA:226,3383
DA:228,3383
BRDA:228,10,0,-
BRDA:228,10,1,-
DA:229,0
DA:230,0
DA:231,0
DA:233,0
DA:235,0
DA:236,0
BRDA:236,11,0,-
BRDA:236,11,1,-
DA:240,3383
DA:241,3383
FN:251,Comptroller.redeemAllowed
FNDA:2,Comptroller.redeemAllowed
DA:252,2
DA:253,2
BRDA:253,12,0,-
BRDA:253,12,1,2
DA:254,0
DA:258,2
DA:260,2
FN:263,Comptroller.redeemAllowedInternal
FNDA:9,Comptroller.redeemAllowedInternal
DA:264,9
BRDA:264,13,0,-
BRDA:264,13,1,-
DA:265,0
DA:269,9
BRDA:269,14,0,-
BRDA:269,14,1,9
DA:270,9
DA:274,0
DA:275,0
BRDA:275,15,0,-
BRDA:275,15,1,-
DA:276,0
DA:278,0
BRDA:278,16,0,-
BRDA:278,16,1,-
DA:279,0
DA:282,0
FN:292,Comptroller.redeemVerify
FNDA:2,Comptroller.redeemVerify
DA:298,2
BRDA:298,17,0,-
BRDA:298,17,1,2
DA:299,0
FN:310,Comptroller.borrowAllowed
FNDA:1809,Comptroller.borrowAllowed
DA:312,1809
BRDA:312,18,0,-
BRDA:312,18,1,1809
DA:314,1809
BRDA:314,19,0,-
BRDA:314,19,1,-
DA:315,0
DA:318,1809
BRDA:318,20,0,-
BRDA:318,20,1,1808
DA:320,1808
BRDA:320,21,0,-
BRDA:320,21,1,1808
DA:323,1808
DA:324,1808
BRDA:324,22,0,-
BRDA:324,22,1,-
DA:325,0
DA:329,1808
BRDA:329,23,0,-
BRDA:329,23,1,1808
DA:332,1809
BRDA:332,24,0,-
BRDA:332,24,1,-
DA:333,0
DA:336,1809
DA:338,1809
BRDA:338,25,0,-
BRDA:338,25,1,-
DA:339,0
DA:340,0
DA:341,0
BRDA:341,26,0,-
BRDA:341,26,1,-
DA:344,1809
DA:345,1809
BRDA:345,27,0,-
BRDA:345,27,1,-
DA:346,0
DA:348,1809
BRDA:348,28,0,-
BRDA:348,28,1,-
DA:349,0
DA:353,1809
DA:355,1809
FN:366,Comptroller.repayBorrowAllowed
FNDA:0,Comptroller.repayBorrowAllowed
DA:376,0
BRDA:376,29,0,-
BRDA:376,29,1,-
DA:377,0
DA:381,0
DA:383,0
FN:394,Comptroller.liquidateBorrowAllowed
FNDA:0,Comptroller.liquidateBorrowAllowed
DA:403,0
BRDA:403,30,0,-
BRDA:403,30,1,-
DA:404,0
DA:408,0
DA:409,0
BRDA:409,31,0,-
BRDA:409,31,1,-
DA:410,0
DA:412,0
BRDA:412,32,0,-
BRDA:412,32,1,-
DA:413,0
DA:417,0
DA:418,0
DA:419,0
BRDA:419,33,0,-
BRDA:419,33,1,-
DA:420,0
DA:423,0
FN:434,Comptroller.seizeAllowed
FNDA:0,Comptroller.seizeAllowed
DA:441,0
BRDA:441,34,0,-
BRDA:441,34,1,-
DA:446,0
BRDA:446,35,0,-
BRDA:446,35,1,-
DA:447,0
DA:450,0
BRDA:450,36,0,-
BRDA:450,36,1,-
DA:451,0
DA:458,0
DA:459,0
DA:461,0
FN:472,Comptroller.transferAllowed
FNDA:7,Comptroller.transferAllowed
DA:474,7
BRDA:474,37,0,-
BRDA:474,37,1,7
DA:478,7
DA:479,7
BRDA:479,38,0,-
BRDA:479,38,1,7
DA:480,0
DA:484,7
DA:485,7
DA:487,7
FN:516,Comptroller.getAccountLiquidity
FNDA:0,Comptroller.getAccountLiquidity
DA:517,0
DA:519,0
FN:528,Comptroller.getAccountLiquidityInternal
FNDA:0,Comptroller.getAccountLiquidityInternal
DA:529,0
FN:542,Comptroller.getHypotheticalAccountLiquidity
FNDA:0,Comptroller.getHypotheticalAccountLiquidity
DA:547,0
DA:548,0
FN:563,Comptroller.getHypotheticalAccountLiquidityInternal
FNDA:1809,Comptroller.getHypotheticalAccountLiquidityInternal
DA:569,1809
DA:570,1809
DA:573,1809
DA:574,1809
DA:575,1809
DA:578,1809
DA:579,1809
BRDA:579,39,0,-
BRDA:579,39,1,1809
DA:580,0
DA:582,1809
DA:583,1809
DA:586,1809
DA:587,1809
BRDA:587,40,0,-
BRDA:587,40,1,1809
DA:588,0
DA:590,1809
DA:593,1809
DA:596,1809
DA:599,1809
DA:602,1809
BRDA:602,41,0,1809
BRDA:602,41,1,1809
DA:605,1809
DA:609,1809
DA:614,1809
BRDA:614,42,0,1551
BRDA:614,42,1,258
DA:615,1551
DA:617,258
FN:629,Comptroller.liquidateCalculateSeizeTokens
FNDA:0,Comptroller.liquidateCalculateSeizeTokens
DA:631,0
DA:632,0
DA:633,0
BRDA:633,43,0,-
BRDA:633,43,1,-
DA:634,0
DA:643,0
DA:644,0
DA:645,0
DA:646,0
DA:647,0
DA:649,0
DA:650,0
DA:651,0
DA:653,0
DA:655,0
FN:665,Comptroller._setPriceOracle
FNDA:0,Comptroller._setPriceOracle
DA:667,0
BRDA:667,44,0,-
BRDA:667,44,1,-
DA:668,0
DA:672,0
DA:675,0
DA:678,0
DA:680,0
FN:689,Comptroller._setCloseFactor
FNDA:0,Comptroller._setCloseFactor
DA:691,0
BRDA:691,45,0,-
BRDA:691,45,1,-
DA:693,0
DA:694,0
DA:695,0
DA:697,0
FN:707,Comptroller._setCollateralFactor
FNDA:257,Comptroller._setCollateralFactor
DA:709,257
BRDA:709,46,0,-
BRDA:709,46,1,257
DA:710,0
DA:714,257
DA:715,257
BRDA:715,47,0,-
BRDA:715,47,1,257
DA:716,0
DA:719,257
DA:722,257
DA:723,257
BRDA:723,48,0,109
BRDA:723,48,1,148
DA:724,109
DA:728,148
BRDA:728,49,0,-
BRDA:728,49,1,148
DA:729,0
DA:733,148
DA:734,148
DA:737,148
DA:739,148
FN:748,Comptroller._setLiquidationIncentive
FNDA:0,Comptroller._setLiquidationIncentive
DA:750,0
BRDA:750,50,0,-
BRDA:750,50,1,-
DA:751,0
DA:755,0
DA:758,0
DA:761,0
DA:763,0
FN:772,Comptroller._supportMarket
FNDA:0,Comptroller._supportMarket
DA:773,0
BRDA:773,51,0,-
BRDA:773,51,1,-
DA:774,0
DA:777,0
BRDA:777,52,0,-
BRDA:777,52,1,-
DA:778,0
DA:781,0
BRDA:781,53,0,-
BRDA:781,53,1,-
DA:783,0
DA:784,0
DA:785,0
DA:787,0
DA:789,0
DA:791,0
FN:794,Comptroller._addMarketInternal
FNDA:0,Comptroller._addMarketInternal
DA:795,0
DA:796,0
BRDA:796,54,0,-
BRDA:796,54,1,-
DA:798,0
FN:807,Comptroller._setMarketBorrowCaps
FNDA:0,Comptroller._setMarketBorrowCaps
DA:808,0
BRDA:808,55,0,-
BRDA:808,55,1,-
DA:810,0
DA:811,0
DA:813,0
BRDA:813,56,0,-
BRDA:813,56,1,-
DA:815,0
DA:816,0
DA:817,0
FN:825,Comptroller._setBorrowCapGuardian
FNDA:0,Comptroller._setBorrowCapGuardian
DA:826,0
BRDA:826,57,0,-
BRDA:826,57,1,-
DA:829,0
DA:832,0
DA:835,0
FN:844,Comptroller._setMarketSupplyCaps
FNDA:0,Comptroller._setMarketSupplyCaps
DA:845,0
BRDA:845,58,0,-
BRDA:845,58,1,-
DA:847,0
DA:848,0
DA:850,0
BRDA:850,59,0,-
BRDA:850,59,1,-
DA:852,0
DA:853,0
DA:854,0
FN:862,Comptroller._setSupplyCapGuardian
FNDA:0,Comptroller._setSupplyCapGuardian
DA:863,0
BRDA:863,60,0,-
BRDA:863,60,1,-
DA:866,0
DA:869,0
DA:872,0
FN:880,Comptroller._setPauseGuardian
FNDA:0,Comptroller._setPauseGuardian
DA:881,0
BRDA:881,61,0,-
BRDA:881,61,1,-
DA:882,0
DA:886,0
DA:889,0
DA:892,0
DA:894,0
FN:901,Comptroller._setRewardDistributor
FNDA:8,Comptroller._setRewardDistributor
DA:902,8
BRDA:902,62,0,-
BRDA:902,62,1,8
DA:904,8
DA:906,8
DA:908,8
FN:911,Comptroller._setMintPaused
FNDA:0,Comptroller._setMintPaused
DA:912,0
BRDA:912,63,0,-
BRDA:912,63,1,-
DA:913,0
BRDA:913,64,0,-
BRDA:913,64,1,-
DA:914,0
BRDA:914,65,0,-
BRDA:914,65,1,-
DA:916,0
DA:917,0
DA:918,0
FN:921,Comptroller._setBorrowPaused
FNDA:0,Comptroller._setBorrowPaused
DA:922,0
BRDA:922,66,0,-
BRDA:922,66,1,-
DA:923,0
BRDA:923,67,0,-
BRDA:923,67,1,-
DA:924,0
BRDA:924,68,0,-
BRDA:924,68,1,-
DA:926,0
DA:927,0
DA:928,0
FN:931,Comptroller._setTransferPaused
FNDA:0,Comptroller._setTransferPaused
DA:932,0
BRDA:932,69,0,-
BRDA:932,69,1,-
DA:933,0
BRDA:933,70,0,-
BRDA:933,70,1,-
DA:935,0
DA:936,0
DA:937,0
FN:940,Comptroller._setSeizePaused
FNDA:0,Comptroller._setSeizePaused
DA:941,0
BRDA:941,71,0,-
BRDA:941,71,1,-
DA:942,0
BRDA:942,72,0,-
BRDA:942,72,1,-
DA:944,0
DA:945,0
DA:946,0
FN:949,Comptroller._become
FNDA:2,Comptroller._become
DA:950,2
BRDA:950,73,0,-
BRDA:950,73,1,2
DA:951,2
BRDA:951,74,0,-
BRDA:951,74,1,2
FN:959,Comptroller._rescueFunds
FNDA:0,Comptroller._rescueFunds
DA:960,0
BRDA:960,75,0,-
BRDA:960,75,1,-
DA:962,0
DA:964,0
BRDA:964,76,0,-
BRDA:964,76,1,-
DA:965,0
DA:967,0
FN:978,Comptroller.updateAndDistributeSupplierRewardsForToken
FNDA:3399,Comptroller.updateAndDistributeSupplierRewardsForToken
DA:979,3399
BRDA:979,77,0,-
BRDA:979,77,1,3394
DA:980,3394
FN:989,Comptroller.updateAndDistributeBorrowerRewardsForToken
FNDA:1809,Comptroller.updateAndDistributeBorrowerRewardsForToken
DA:990,1809
BRDA:990,78,0,-
BRDA:990,78,1,1808
DA:991,1808
FN:998,Comptroller.claimReward
FNDA:3393,Comptroller.claimReward
DA:999,3393
FN:1006,Comptroller.claimReward
FNDA:0,Comptroller.claimReward
DA:1007,0
FN:1015,Comptroller.claimReward
FNDA:0,Comptroller.claimReward
DA:1016,3393
DA:1017,3393
DA:1018,3393
FN:1028,Comptroller.claimReward
FNDA:0,Comptroller.claimReward
DA:1029,3393
BRDA:1029,79,0,-
BRDA:1029,79,1,3393
DA:1031,3393
DA:1034,3393
DA:1035,3393
BRDA:1035,80,0,-
BRDA:1035,80,1,3393
DA:1038,3393
BRDA:1038,81,0,-
BRDA:1038,81,1,3393
DA:1039,3393
DA:1040,3393
DA:1041,3393
DA:1046,3393
BRDA:1046,82,0,-
BRDA:1046,82,1,3393
DA:1047,3393
DA:1048,3393
DA:1049,3393
FN:1060,Comptroller.getAllMarkets
FNDA:1,Comptroller.getAllMarkets
DA:1061,1
FN:1064,Comptroller.getBlockTimestamp
FNDA:0,Comptroller.getBlockTimestamp
DA:1065,0
FNF:45
FNH:16
LF:299
LH:108
BRF:166
BRH:32
end_of_record
TN:
SF:src/core/ErrorReporter.sol
FN:198,TokenErrorReporter.fail
FNDA:1,TokenErrorReporter.fail
DA:199,1
DA:201,1
FN:207,TokenErrorReporter.failOpaque
FNDA:0,TokenErrorReporter.failOpaque
DA:208,0
DA:210,0
FN:59,ComptrollerErrorReporter.fail
FNDA:109,ComptrollerErrorReporter.fail
DA:60,109
DA:62,109
FN:68,ComptrollerErrorReporter.failOpaque
FNDA:0,ComptrollerErrorReporter.failOpaque
DA:69,0
DA:71,0
FNF:4
FNH:2
LF:8
LH:4
BRF:0
BRH:0
end_of_record
TN:
SF:src/core/Exponential.sol
FN:21,Exponential.getExp
FNDA:7783,Exponential.getExp
DA:22,7783
DA:23,7783
BRDA:23,0,0,-
BRDA:23,0,1,7783
DA:24,0
DA:27,7783
DA:28,7783
BRDA:28,1,0,-
BRDA:28,1,1,7783
DA:29,0
DA:32,7783
FN:38,Exponential.addExp
FNDA:0,Exponential.addExp
DA:39,0
DA:41,0
FN:47,Exponential.subExp
FNDA:0,Exponential.subExp
DA:48,0
DA:50,0
FN:56,Exponential.mulScalar
FNDA:50,Exponential.mulScalar
DA:57,50
DA:58,50
BRDA:58,2,0,-
BRDA:58,2,1,50
DA:59,0
DA:62,50
FN:68,Exponential.mulScalarTruncate
FNDA:14,Exponential.mulScalarTruncate
DA:69,14
DA:70,14
BRDA:70,3,0,-
BRDA:70,3,1,14
DA:71,0
DA:74,14
FN:80,Exponential.mulScalarTruncateAddUInt
FNDA:24,Exponential.mulScalarTruncateAddUInt
DA:81,24
DA:82,24
BRDA:82,4,0,-
BRDA:82,4,1,24
DA:83,0
DA:86,24
FN:92,Exponential.divScalar
FNDA:0,Exponential.divScalar
DA:93,0
DA:94,0
BRDA:94,5,0,-
BRDA:94,5,1,-
DA:95,0
DA:98,0
FN:104,Exponential.divScalarByExp
FNDA:3383,Exponential.divScalarByExp
DA:114,3383
DA:115,3383
BRDA:115,6,0,-
BRDA:115,6,1,3383
DA:116,0
DA:118,3383
FN:124,Exponential.divScalarByExpTruncate
FNDA:3383,Exponential.divScalarByExpTruncate
DA:125,3383
DA:126,3383
BRDA:126,7,0,-
BRDA:126,7,1,3383
DA:127,0
DA:130,3383
FN:136,Exponential.mulExp
FNDA:0,Exponential.mulExp
DA:138,0
DA:139,0
BRDA:139,8,0,-
BRDA:139,8,1,-
DA:140,0
DA:146,0
DA:147,0
BRDA:147,9,0,-
BRDA:147,9,1,-
DA:148,0
DA:151,0
DA:153,0
BRDA:153,10,0,-
BRDA:153,10,1,-
DA:155,0
FN:161,Exponential.mulExp
FNDA:0,Exponential.mulExp
DA:162,0
FN:168,Exponential.mulExp3
FNDA:0,Exponential.mulExp3
DA:169,0
DA:170,0
BRDA:170,11,0,-
BRDA:170,11,1,-
DA:171,0
DA:173,0
FN:181,Exponential.divExp
FNDA:0,Exponential.divExp
DA:182,0
FNF:13
FNH:6
LF:50
LH:20
BRF:24
BRH:7
end_of_record
TN:
SF:src/core/ExponentialNoError.sol
FN:29,ExponentialNoError.truncate
FNDA:10657,ExponentialNoError.truncate
DA:31,10657
FN:37,ExponentialNoError.mul_ScalarTruncate
FNDA:0,ExponentialNoError.mul_ScalarTruncate
DA:38,0
DA:39,0
FN:45,ExponentialNoError.mul_ScalarTruncateAddUInt
FNDA:7236,ExponentialNoError.mul_ScalarTruncateAddUInt
DA:46,7236
DA:47,7236
FN:53,ExponentialNoError.lessThanExp
FNDA:257,ExponentialNoError.lessThanExp
DA:54,257
FN:60,ExponentialNoError.lessThanOrEqualExp
FNDA:0,ExponentialNoError.lessThanOrEqualExp
DA:61,0
FN:67,ExponentialNoError.greaterThanExp
FNDA:0,ExponentialNoError.greaterThanExp
DA:68,0
FN:74,ExponentialNoError.isZeroExp
FNDA:0,ExponentialNoError.isZeroExp
DA:75,0
FN:78,ExponentialNoError.safe224
FNDA:2624,ExponentialNoError.safe224
DA:79,2624
BRDA:79,0,0,-
BRDA:79,0,1,2624
DA:80,2624
FN:83,ExponentialNoError.safe32
FNDA:17237,ExponentialNoError.safe32
DA:84,17237
BRDA:84,1,0,-
BRDA:84,1,1,17237
DA:85,17237
FN:88,ExponentialNoError.add_
FNDA:0,ExponentialNoError.add_
DA:89,0
FN:92,ExponentialNoError.add_
FNDA:2624,ExponentialNoError.add_
DA:93,2624
FN:96,ExponentialNoError.add_
FNDA:24942,ExponentialNoError.add_
DA:97,24942
FN:100,ExponentialNoError.add_
FNDA:24942,ExponentialNoError.add_
DA:101,24942
DA:102,24942
BRDA:102,2,0,-
BRDA:102,2,1,24942
DA:103,24942
FN:106,ExponentialNoError.sub_
FNDA:0,ExponentialNoError.sub_
DA:107,0
FN:110,ExponentialNoError.sub_
FNDA:0,ExponentialNoError.sub_
DA:111,0
FN:114,ExponentialNoError.sub_
FNDA:30175,ExponentialNoError.sub_
DA:115,30175
FN:118,ExponentialNoError.sub_
FNDA:30175,ExponentialNoError.sub_
DA:119,30175
BRDA:119,3,0,-
BRDA:119,3,1,30175
DA:120,30175
FN:123,ExponentialNoError.mul_
FNDA:3618,ExponentialNoError.mul_
DA:124,3618
FN:127,ExponentialNoError.mul_
FNDA:7236,ExponentialNoError.mul_
DA:128,7236
FN:131,ExponentialNoError.mul_
FNDA:0,ExponentialNoError.mul_
DA:132,0
FN:135,ExponentialNoError.mul_
FNDA:0,ExponentialNoError.mul_
DA:136,0
FN:139,ExponentialNoError.mul_
FNDA:0,ExponentialNoError.mul_
DA:140,0
FN:143,ExponentialNoError.mul_
FNDA:15082,ExponentialNoError.mul_
DA:144,15082
FN:147,ExponentialNoError.mul_
FNDA:44670,ExponentialNoError.mul_
DA:148,44670
FN:151,ExponentialNoError.mul_
FNDA:44670,ExponentialNoError.mul_
DA:152,44670
BRDA:152,4,0,18383
BRDA:152,4,1,26287
DA:153,18383
DA:155,26287
DA:156,26287
BRDA:156,5,0,-
BRDA:156,5,1,26287
DA:157,26287
FN:160,ExponentialNoError.div_
FNDA:0,ExponentialNoError.div_
DA:161,0
FN:164,ExponentialNoError.div_
FNDA:0,ExponentialNoError.div_
DA:165,0
FN:168,ExponentialNoError.div_
FNDA:13510,ExponentialNoError.div_
DA:169,13510
FN:172,ExponentialNoError.div_
FNDA:0,ExponentialNoError.div_
DA:173,0
FN:176,ExponentialNoError.div_
FNDA:0,ExponentialNoError.div_
DA:177,0
FN:180,ExponentialNoError.div_
FNDA:0,ExponentialNoError.div_
DA:181,0
FN:184,ExponentialNoError.div_
FNDA:16110,ExponentialNoError.div_
DA:185,16110
FN:188,ExponentialNoError.div_
FNDA:16110,ExponentialNoError.div_
DA:189,16110
BRDA:189,6,0,-
BRDA:189,6,1,16110
DA:190,16110
FN:193,ExponentialNoError.fraction
FNDA:2600,ExponentialNoError.fraction
DA:194,2600
FNF:34
FNH:19
LF:46
LH:30
BRF:14
BRH:8
end_of_record
TN:
SF:src/core/Governance/TemporalGovernor.sol
FN:72,TemporalGovernor.isTrustedSender
FNDA:5,TemporalGovernor.isTrustedSender
DA:76,21
FN:82,TemporalGovernor.isTrustedSender
FNDA:16,TemporalGovernor.isTrustedSender
DA:86,16
FN:92,TemporalGovernor.allTrustedSenders
FNDA:8,TemporalGovernor.allTrustedSenders
DA:98,8
DA:103,8
DA:104,14
DA:108,8
FN:115,TemporalGovernor.addressToBytes
FNDA:33,TemporalGovernor.addressToBytes
DA:116,59
FN:123,TemporalGovernor.setTrustedSenders
FNDA:8,TemporalGovernor.setTrustedSenders
DA:126,8
BRDA:126,0,0,1
BRDA:126,0,1,7
DA:132,7
DA:133,7
DA:137,7
FN:150,TemporalGovernor.unSetTrustedSenders
FNDA:4,TemporalGovernor.unSetTrustedSenders
DA:153,4
BRDA:153,1,0,1
BRDA:153,1,1,3
DA:159,3
DA:160,3
DA:164,3
FN:174,TemporalGovernor.grantGuardiansPause
FNDA:2,TemporalGovernor.grantGuardiansPause
DA:175,2
BRDA:175,2,0,1
BRDA:175,2,1,1
DA:180,1
DA:181,1
DA:183,1
FN:191,TemporalGovernor.revokeGuardian
FNDA:5,TemporalGovernor.revokeGuardian
DA:192,5
DA:193,5
BRDA:193,3,0,1
BRDA:193,3,1,4
DA:198,4
DA:199,4
DA:200,4
DA:202,4
BRDA:202,4,0,2
BRDA:202,4,1,4
DA:203,2
DA:206,4
FN:215,TemporalGovernor.queueProposal
FNDA:24,TemporalGovernor.queueProposal
DA:216,23
FN:223,TemporalGovernor.executeProposal
FNDA:13,TemporalGovernor.executeProposal
DA:224,12
FN:228,TemporalGovernor.permissionlessUnpause
FNDA:3,TemporalGovernor.permissionlessUnpause
DA:234,2
BRDA:234,5,0,1
BRDA:234,5,1,1
DA:239,1
DA:240,1
DA:242,1
BRDA:242,6,0,-
BRDA:242,6,1,1
DA:244,1
FN:252,TemporalGovernor.fastTrackProposalExecution
FNDA:3,TemporalGovernor.fastTrackProposalExecution
DA:253,1
FN:260,TemporalGovernor.togglePause
FNDA:13,TemporalGovernor.togglePause
DA:261,12
BRDA:261,7,0,2
BRDA:261,7,1,10
DA:262,2
DA:264,10
BRDA:264,8,0,1
BRDA:264,8,1,9
DA:269,9
DA:270,9
DA:271,9
DA:275,11
BRDA:275,9,0,-
BRDA:275,9,1,11
FN:281,TemporalGovernor._queueProposal
FNDA:23,TemporalGovernor._queueProposal
DA:285,23
DA:289,23
DA:292,23
BRDA:292,10,0,1
BRDA:292,10,1,22
DA:294,22
DA:295,22
DA:296,22
DA:297,22
DA:299,22
DA:304,22
DA:308,19
BRDA:308,11,0,1
BRDA:308,11,1,18
DA:311,18
BRDA:311,12,0,1
BRDA:311,12,1,17
DA:317,17
BRDA:317,13,0,4
BRDA:317,13,1,13
DA:325,13
DA:327,13
FN:330,TemporalGovernor._executeProposal
FNDA:13,TemporalGovernor._executeProposal
DA:332,13
DA:336,13
DA:338,13
BRDA:338,14,0,1
BRDA:338,14,1,12
DA:340,12
BRDA:340,15,0,1
BRDA:340,15,1,9
DA:341,11
BRDA:341,16,0,1
BRDA:341,16,1,10
DA:345,10
BRDA:345,17,0,1
BRDA:345,17,1,9
DA:350,1
BRDA:350,18,0,1
BRDA:350,18,1,1
DA:352,1
DA:356,10
BRDA:356,19,0,-
BRDA:356,19,1,10
DA:361,10
BRDA:361,20,0,1
BRDA:361,20,1,9
DA:366,9
DA:368,9
DA:369,9
DA:370,9
DA:371,9
DA:378,9
DA:380,9
DA:381,9
DA:382,9
DA:383,9
DA:386,9
DA:391,9
BRDA:391,21,0,1
BRDA:391,21,1,8
DA:393,8
FN:398,TemporalGovernor._sanityCheckPayload
FNDA:31,TemporalGovernor._sanityCheckPayload
DA:403,31
BRDA:403,22,0,1
BRDA:403,22,1,30
DA:404,30
BRDA:404,23,0,2
BRDA:404,23,1,28
FNF:16
FNH:16
LF:81
LH:81
BRF:48
BRH:45
end_of_record
TN:
SF:src/core/Governance/Well.sol
FN:77,Well.allowance
FNDA:0,Well.allowance
DA:78,0
FN:89,Well.approve
FNDA:0,Well.approve
DA:90,0
DA:91,0
BRDA:91,0,0,-
BRDA:91,0,1,-
DA:92,0
DA:94,0
DA:97,0
DA:99,0
DA:100,0
FN:113,Well.permit
FNDA:0,Well.permit
DA:114,0
DA:115,0
BRDA:115,1,0,-
BRDA:115,1,1,-
DA:116,0
DA:118,0
DA:121,0
DA:122,0
DA:123,0
DA:124,0
DA:125,0
BRDA:125,2,0,-
BRDA:125,2,1,-
DA:126,0
BRDA:126,3,0,-
BRDA:126,3,1,-
DA:127,0
BRDA:127,4,0,-
BRDA:127,4,1,-
DA:129,0
DA:131,0
FN:139,Well.balanceOf
FNDA:0,Well.balanceOf
DA:140,0
FN:149,Well.transfer
FNDA:0,Well.transfer
DA:150,0
DA:151,0
DA:152,0
FN:162,Well.transferFrom
FNDA:0,Well.transferFrom
DA:163,0
DA:164,0
DA:165,0
DA:167,0
BRDA:167,5,0,-
BRDA:167,5,1,-
DA:168,0
DA:169,0
DA:171,0
DA:174,0
DA:175,0
FN:182,Well.delegate
FNDA:0,Well.delegate
DA:183,0
FN:195,Well.delegateBySig
FNDA:0,Well.delegateBySig
DA:196,0
DA:197,0
DA:198,0
DA:199,0
DA:200,0
BRDA:200,6,0,-
BRDA:200,6,1,-
DA:201,0
BRDA:201,7,0,-
BRDA:201,7,1,-
DA:202,0
BRDA:202,8,0,-
BRDA:202,8,1,-
DA:203,0
FN:211,Well.getCurrentVotes
FNDA:0,Well.getCurrentVotes
DA:212,0
DA:213,0
FN:223,Well.getPriorVotes
FNDA:0,Well.getPriorVotes
DA:224,0
BRDA:224,9,0,-
BRDA:224,9,1,-
DA:226,0
DA:227,0
BRDA:227,10,0,-
BRDA:227,10,1,-
DA:228,0
DA:232,0
BRDA:232,11,0,-
BRDA:232,11,1,-
DA:233,0
DA:237,0
BRDA:237,12,0,-
BRDA:237,12,1,-
DA:238,0
DA:241,0
DA:242,0
DA:243,0
DA:244,0
DA:245,0
DA:246,0
BRDA:246,13,0,-
BRDA:246,13,1,-
DA:247,0
DA:248,0
BRDA:248,14,0,-
BRDA:248,14,1,-
DA:249,0
DA:251,0
DA:254,0
FN:257,Well._delegate
FNDA:0,Well._delegate
DA:258,0
DA:259,0
DA:260,0
DA:262,0
DA:264,0
FN:267,Well._transferTokens
FNDA:0,Well._transferTokens
DA:268,0
BRDA:268,15,0,-
BRDA:268,15,1,-
DA:269,0
BRDA:269,16,0,-
BRDA:269,16,1,-
DA:271,0
DA:272,0
DA:273,0
DA:275,0
FN:278,Well._moveDelegates
FNDA:0,Well._moveDelegates
DA:279,0
BRDA:279,17,0,-
BRDA:279,17,1,-
DA:280,0
BRDA:280,18,0,-
BRDA:280,18,1,-
DA:281,0
DA:282,0
DA:283,0
DA:284,0
DA:287,0
BRDA:287,19,0,-
BRDA:287,19,1,-
DA:288,0
DA:289,0
DA:290,0
DA:291,0
FN:296,Well._writeCheckpoint
FNDA:0,Well._writeCheckpoint
DA:297,0
DA:299,0
BRDA:299,20,0,-
BRDA:299,20,1,-
DA:300,0
DA:302,0
DA:303,0
DA:306,0
FN:309,Well.safe32
FNDA:0,Well.safe32
DA:310,0
BRDA:310,21,0,-
BRDA:310,21,1,-
DA:311,0
FN:314,Well.safe96
FNDA:0,Well.safe96
DA:315,0
BRDA:315,22,0,-
BRDA:315,22,1,-
DA:316,0
FN:319,Well.add96
FNDA:0,Well.add96
DA:320,0
DA:321,0
BRDA:321,23,0,-
BRDA:321,23,1,-
DA:322,0
FN:325,Well.sub96
FNDA:0,Well.sub96
DA:326,0
BRDA:326,24,0,-
BRDA:326,24,1,-
DA:327,0
FN:330,Well.getChainId
FNDA:0,Well.getChainId
DA:331,0
DA:332,0
DA:333,0
FNF:19
FNH:0
LF:104
LH:0
BRF:50
BRH:0
end_of_record
TN:
SF:src/core/IRModels/JumpRateModel.sol
FN:65,JumpRateModel.utilizationRate
FNDA:0,JumpRateModel.utilizationRate
DA:67,0
BRDA:67,0,0,-
BRDA:67,0,1,-
DA:68,0
DA:71,0
FN:81,JumpRateModel.getBorrowRate
FNDA:0,JumpRateModel.getBorrowRate
DA:82,0
DA:84,0
BRDA:84,1,0,-
BRDA:84,1,1,-
DA:85,0
DA:87,0
DA:88,0
DA:89,0
FN:101,JumpRateModel.getSupplyRate
FNDA:0,JumpRateModel.getSupplyRate
DA:102,0
DA:103,0
DA:104,0
DA:105,0
FNF:3
FNH:0
LF:13
LH:0
BRF:4
BRH:0
end_of_record
TN:
SF:src/core/IRModels/WhitePaperInterestRateModel.sol
FN:51,WhitePaperInterestRateModel.utilizationRate
FNDA:0,WhitePaperInterestRateModel.utilizationRate
DA:53,12
BRDA:53,0,0,12
BRDA:53,0,1,-
DA:54,12
DA:57,0
FN:67,WhitePaperInterestRateModel.getBorrowRate
FNDA:12,WhitePaperInterestRateModel.getBorrowRate
DA:68,12
DA:69,12
FN:80,WhitePaperInterestRateModel.getSupplyRate
FNDA:0,WhitePaperInterestRateModel.getSupplyRate
DA:81,0
DA:82,0
DA:83,0
DA:84,0
FNF:3
FNH:1
LF:9
LH:4
BRF:2
BRH:1
end_of_record
TN:
SF:src/core/MErc20.sol
FN:23,MErc20.initialize
FNDA:4,MErc20.initialize
DA:31,4
DA:34,4
DA:35,4
FN:46,MErc20.mint
FNDA:3381,MErc20.mint
DA:47,3381
DA:48,3381
FN:61,MErc20.mintWithPermit
FNDA:2,MErc20.mintWithPermit
DA:66,2
DA:70,2
DA:77,2
DA:78,2
FN:87,MErc20.redeem
FNDA:2,MErc20.redeem
DA:88,2
FN:97,MErc20.redeemUnderlying
FNDA:0,MErc20.redeemUnderlying
DA:98,0
FN:106,MErc20.borrow
FNDA:1809,MErc20.borrow
DA:107,1809
FN:115,MErc20.repayBorrow
FNDA:0,MErc20.repayBorrow
DA:116,0
DA:117,0
FN:126,MErc20.repayBorrowBehalf
FNDA:0,MErc20.repayBorrowBehalf
DA:127,0
DA:128,0
FN:139,MErc20.liquidateBorrow
FNDA:0,MErc20.liquidateBorrow
DA:140,0
DA:141,0
FN:148,MErc20.sweepToken
FNDA:0,MErc20.sweepToken
DA:149,0
BRDA:149,0,0,-
BRDA:149,0,1,-
DA:150,0
BRDA:150,1,0,-
BRDA:150,1,1,-
DA:151,0
DA:152,0
FN:160,MErc20._addReserves
FNDA:0,MErc20._addReserves
DA:161,0
FN:171,MErc20.getCashPrior
FNDA:6223,MErc20.getCashPrior
DA:172,6223
DA:173,6223
FN:185,MErc20.doTransferIn
FNDA:3383,MErc20.doTransferIn
DA:187,3383
DA:188,3383
DA:189,3383
DA:190,3383
DA:192,3383
DA:206,3383
BRDA:206,2,0,-
BRDA:206,2,1,3383
DA:209,3383
DA:210,3383
BRDA:210,3,0,-
BRDA:210,3,1,3383
DA:211,3383
FN:223,MErc20.doTransferOut
FNDA:1811,MErc20.doTransferOut
DA:224,1811
DA:225,1811
DA:227,1811
DA:241,1811
BRDA:241,4,0,-
BRDA:241,4,1,1811
FNF:14
FNH:8
LF:38
LH:26
BRF:10
BRH:3
end_of_record
TN:
SF:src/core/MErc20Delegate.sol
FN:21,MErc20Delegate._becomeImplementation
FNDA:4,MErc20Delegate._becomeImplementation
DA:26,4
BRDA:26,0,0,-
BRDA:26,0,1,4
DA:27,0
DA:30,4
BRDA:30,1,0,-
BRDA:30,1,1,4
FN:36,MErc20Delegate._resignImplementation
FNDA:0,MErc20Delegate._resignImplementation
DA:38,0
BRDA:38,2,0,-
BRDA:38,2,1,-
DA:39,0
DA:42,0
BRDA:42,3,0,-
BRDA:42,3,1,-
FNF:2
FNH:1
LF:6
LH:2
BRF:8
BRH:2
end_of_record
TN:
SF:src/core/MErc20Delegator.sol
FN:61,MErc20Delegator._setImplementation
FNDA:0,MErc20Delegator._setImplementation
DA:62,0
BRDA:62,0,0,-
BRDA:62,0,1,-
DA:64,0
BRDA:64,1,0,-
BRDA:64,1,1,-
DA:65,0
DA:68,0
DA:69,0
DA:71,0
DA:73,0
FN:82,MErc20Delegator.mint
FNDA:0,MErc20Delegator.mint
DA:83,0
DA:84,0
FN:97,MErc20Delegator.mintWithPermit
FNDA:1,MErc20Delegator.mintWithPermit
DA:102,1
DA:108,1
FN:117,MErc20Delegator.redeem
FNDA:0,MErc20Delegator.redeem
DA:118,0
DA:119,0
FN:128,MErc20Delegator.redeemUnderlying
FNDA:0,MErc20Delegator.redeemUnderlying
DA:129,0
DA:130,0
FN:138,MErc20Delegator.borrow
FNDA:0,MErc20Delegator.borrow
DA:139,0
DA:140,0
FN:148,MErc20Delegator.repayBorrow
FNDA:0,MErc20Delegator.repayBorrow
DA:149,0
DA:150,0
FN:159,MErc20Delegator.repayBorrowBehalf
FNDA:0,MErc20Delegator.repayBorrowBehalf
DA:160,0
DA:161,0
FN:172,MErc20Delegator.liquidateBorrow
FNDA:0,MErc20Delegator.liquidateBorrow
DA:173,0
DA:174,0
FN:183,MErc20Delegator.transfer
FNDA:0,MErc20Delegator.transfer
DA:184,0
DA:185,0
FN:195,MErc20Delegator.transferFrom
FNDA:0,MErc20Delegator.transferFrom
DA:196,0
DA:197,0
FN:208,MErc20Delegator.approve
FNDA:0,MErc20Delegator.approve
DA:209,0
DA:210,0
FN:219,MErc20Delegator.allowance
FNDA:0,MErc20Delegator.allowance
DA:220,0
DA:221,0
FN:229,MErc20Delegator.balanceOf
FNDA:3,MErc20Delegator.balanceOf
DA:230,3
DA:231,3
FN:240,MErc20Delegator.balanceOfUnderlying
FNDA:0,MErc20Delegator.balanceOfUnderlying
DA:241,0
DA:242,0
FN:251,MErc20Delegator.getAccountSnapshot
FNDA:0,MErc20Delegator.getAccountSnapshot
DA:252,0
DA:253,0
FN:260,MErc20Delegator.borrowRatePerTimestamp
FNDA:0,MErc20Delegator.borrowRatePerTimestamp
DA:261,0
DA:262,0
FN:269,MErc20Delegator.supplyRatePerTimestamp
FNDA:0,MErc20Delegator.supplyRatePerTimestamp
DA:270,0
DA:271,0
FN:278,MErc20Delegator.totalBorrowsCurrent
FNDA:0,MErc20Delegator.totalBorrowsCurrent
DA:279,0
DA:280,0
FN:288,MErc20Delegator.borrowBalanceCurrent
FNDA:0,MErc20Delegator.borrowBalanceCurrent
DA:289,0
DA:290,0
FN:298,MErc20Delegator.borrowBalanceStored
FNDA:0,MErc20Delegator.borrowBalanceStored
DA:299,0
DA:300,0
FN:307,MErc20Delegator.exchangeRateCurrent
FNDA:0,MErc20Delegator.exchangeRateCurrent
DA:308,0
DA:309,0
FN:317,MErc20Delegator.exchangeRateStored
FNDA:0,MErc20Delegator.exchangeRateStored
DA:318,0
DA:319,0
FN:326,MErc20Delegator.getCash
FNDA:0,MErc20Delegator.getCash
DA:327,0
DA:328,0
FN:336,MErc20Delegator.accrueInterest
FNDA:0,MErc20Delegator.accrueInterest
DA:337,0
DA:338,0
FN:350,MErc20Delegator.seize
FNDA:0,MErc20Delegator.seize
DA:351,0
DA:352,0
FN:359,MErc20Delegator.sweepToken
FNDA:0,MErc20Delegator.sweepToken
DA:360,0
FN:372,MErc20Delegator._setPendingAdmin
FNDA:0,MErc20Delegator._setPendingAdmin
DA:373,0
DA:374,0
FN:382,MErc20Delegator._setComptroller
FNDA:0,MErc20Delegator._setComptroller
DA:383,0
DA:384,0
FN:392,MErc20Delegator._setReserveFactor
FNDA:0,MErc20Delegator._setReserveFactor
DA:393,0
DA:394,0
FN:402,MErc20Delegator._acceptAdmin
FNDA:0,MErc20Delegator._acceptAdmin
DA:403,0
DA:404,0
FN:412,MErc20Delegator._addReserves
FNDA:0,MErc20Delegator._addReserves
DA:413,0
DA:414,0
FN:422,MErc20Delegator._reduceReserves
FNDA:0,MErc20Delegator._reduceReserves
DA:423,0
DA:424,0
FN:433,MErc20Delegator._setInterestRateModel
FNDA:0,MErc20Delegator._setInterestRateModel
DA:434,0
DA:435,0
FN:443,MErc20Delegator._setProtocolSeizeShare
FNDA:0,MErc20Delegator._setProtocolSeizeShare
DA:444,0
DA:445,0
FN:455,MErc20Delegator.delegateTo
FNDA:4,MErc20Delegator.delegateTo
DA:456,4
DA:458,4
BRDA:458,2,0,-
DA:462,4
FN:471,MErc20Delegator.delegateToImplementation
FNDA:3,MErc20Delegator.delegateToImplementation
DA:472,4
FN:482,MErc20Delegator.delegateToViewImplementation
FNDA:0,MErc20Delegator.delegateToViewImplementation
DA:483,3
DA:485,3
BRDA:485,3,0,-
DA:489,3
FN:496,MErc20Delegator.
FNDA:0,MErc20Delegator.
DA:497,0
BRDA:497,4,0,-
BRDA:497,4,1,-
DA:500,0
FNF:39
FNH:4
LF:83
LH:11
BRF:8
BRH:0
end_of_record
TN:
SF:src/core/MLikeDelegate.sol
FN:25,MLikeDelegate._delegateMLikeTo
FNDA:0,MLikeDelegate._delegateMLikeTo
DA:26,0
BRDA:26,0,0,-
BRDA:26,0,1,-
DA:27,0
FNF:1
FNH:0
LF:2
LH:0
BRF:2
BRH:0
end_of_record
TN:
SF:src/core/MToken.sol
FN:26,MToken.initialize
FNDA:0,MToken.initialize
DA:32,4
BRDA:32,0,0,-
BRDA:32,0,1,4
DA:33,4
BRDA:33,1,0,-
BRDA:33,1,1,4
DA:36,4
DA:37,4
BRDA:37,2,0,-
BRDA:37,2,1,4
DA:40,4
DA:41,4
BRDA:41,3,0,-
BRDA:41,3,1,4
DA:44,4
DA:45,4
DA:48,4
DA:49,4
BRDA:49,4,0,-
BRDA:49,4,1,4
DA:51,4
DA:52,4
DA:53,4
DA:56,4
FN:68,MToken.transferTokens
FNDA:7,MToken.transferTokens
DA:70,7
DA:71,7
BRDA:71,5,0,-
BRDA:71,5,1,7
DA:72,0
DA:76,7
BRDA:76,6,0,-
BRDA:76,6,1,7
DA:77,0
DA:81,7
DA:82,7
BRDA:82,7,0,4
BRDA:82,7,1,3
DA:83,4
DA:85,3
DA:89,7
DA:90,7
DA:91,7
DA:92,7
DA:94,7
DA:95,7
BRDA:95,8,0,1
BRDA:95,8,1,6
DA:96,1
DA:99,6
DA:100,6
BRDA:100,9,0,-
BRDA:100,9,1,6
DA:101,0
DA:104,6
DA:105,6
BRDA:105,10,0,-
BRDA:105,10,1,6
DA:106,0
DA:113,6
DA:114,6
DA:117,6
BRDA:117,11,0,-
BRDA:117,11,1,6
DA:118,0
DA:122,6
DA:127,6
FN:136,MToken.transfer
FNDA:4,MToken.transfer
DA:137,4
FN:147,MToken.transferFrom
FNDA:3,MToken.transferFrom
DA:148,3
FN:159,MToken.approve
FNDA:2,MToken.approve
DA:160,2
DA:161,2
DA:162,2
DA:163,2
FN:172,MToken.allowance
FNDA:0,MToken.allowance
DA:173,0
FN:181,MToken.balanceOf
FNDA:13554,MToken.balanceOf
DA:182,13554
FN:191,MToken.balanceOfUnderlying
FNDA:0,MToken.balanceOfUnderlying
DA:192,0
DA:193,0
DA:194,0
BRDA:194,12,0,-
BRDA:194,12,1,-
DA:195,0
FN:204,MToken.getAccountSnapshot
FNDA:1809,MToken.getAccountSnapshot
DA:205,1809
DA:206,1809
DA:207,1809
DA:209,1809
DA:211,1809
DA:212,1809
BRDA:212,13,0,-
BRDA:212,13,1,-
DA:213,0
DA:216,1809
DA:217,1809
BRDA:217,14,0,-
BRDA:217,14,1,-
DA:218,0
DA:221,1809
FN:228,MToken.getBlockTimestamp
FNDA:10396,MToken.getBlockTimestamp
DA:229,10396
FN:236,MToken.borrowRatePerTimestamp
FNDA:0,MToken.borrowRatePerTimestamp
DA:237,0
FN:244,MToken.supplyRatePerTimestamp
FNDA:0,MToken.supplyRatePerTimestamp
DA:245,0
FN:252,MToken.totalBorrowsCurrent
FNDA:0,MToken.totalBorrowsCurrent
DA:253,0
BRDA:253,15,0,-
BRDA:253,15,1,-
DA:254,0
FN:262,MToken.borrowBalanceCurrent
FNDA:0,MToken.borrowBalanceCurrent
DA:263,0
BRDA:263,16,0,-
BRDA:263,16,1,-
DA:264,0
FN:272,MToken.borrowBalanceStored
FNDA:6747,MToken.borrowBalanceStored
DA:273,6747
DA:274,6747
BRDA:274,17,0,-
BRDA:274,17,1,6747
DA:275,6747
FN:283,MToken.borrowBalanceStoredInternal
FNDA:10365,MToken.borrowBalanceStoredInternal
DA:285,10365
DA:286,10365
DA:287,10365
DA:290,10365
DA:295,10365
BRDA:295,18,0,7513
BRDA:295,18,1,2852
DA:296,7513
DA:302,2852
DA:303,2852
BRDA:303,19,0,-
BRDA:303,19,1,2852
DA:304,0
DA:307,2852
DA:308,2852
BRDA:308,20,0,-
BRDA:308,20,1,2852
DA:309,0
DA:312,2852
FN:319,MToken.exchangeRateCurrent
FNDA:0,MToken.exchangeRateCurrent
DA:320,0
BRDA:320,21,0,-
BRDA:320,21,1,-
DA:321,0
FN:329,MToken.exchangeRateStored
FNDA:258,MToken.exchangeRateStored
DA:330,258
DA:331,258
BRDA:331,22,0,-
BRDA:331,22,1,258
DA:332,258
FN:340,MToken.exchangeRateStoredInternal
FNDA:5452,MToken.exchangeRateStoredInternal
DA:341,5452
DA:342,5452
BRDA:342,23,0,1052
BRDA:342,23,1,4400
DA:347,1052
DA:353,4400
DA:354,4400
DA:355,4400
DA:356,4400
DA:358,4400
DA:359,4400
BRDA:359,24,0,-
BRDA:359,24,1,4400
DA:360,0
DA:363,4400
DA:364,4400
BRDA:364,25,0,-
BRDA:364,25,1,4400
DA:365,0
DA:368,4400
FN:376,MToken.getCash
FNDA:0,MToken.getCash
DA:377,0
FN:385,MToken.accrueInterest
FNDA:0,MToken.accrueInterest
DA:387,5194
DA:388,5194
DA:391,5194
BRDA:391,26,0,-
BRDA:391,26,1,5182
DA:392,5182
DA:396,12
DA:397,12
DA:398,12
DA:399,12
DA:402,12
DA:403,12
BRDA:403,27,0,-
BRDA:403,27,1,12
DA:406,12
DA:407,12
BRDA:407,28,0,-
BRDA:407,28,1,12
DA:418,12
DA:419,12
DA:420,12
DA:421,12
DA:422,12
DA:424,12
DA:425,12
BRDA:425,29,0,-
BRDA:425,29,1,-
DA:426,0
DA:429,12
DA:430,12
BRDA:430,30,0,-
BRDA:430,30,1,-
DA:431,0
DA:434,12
DA:435,12
BRDA:435,31,0,-
BRDA:435,31,1,-
DA:436,0
DA:439,12
DA:440,12
BRDA:440,32,0,-
BRDA:440,32,1,-
DA:441,0
DA:444,12
DA:445,12
BRDA:445,33,0,-
BRDA:445,33,1,-
DA:446,0
DA:454,12
DA:455,12
DA:456,12
DA:457,12
DA:460,12
DA:462,12
FN:471,MToken.mintInternal
FNDA:3383,MToken.mintInternal
DA:472,3383
DA:473,3383
BRDA:473,34,0,-
BRDA:473,34,1,-
DA:475,0
DA:478,3383
FN:498,MToken.mintFresh
FNDA:3383,MToken.mintFresh
DA:500,3383
DA:501,3383
BRDA:501,35,0,-
BRDA:501,35,1,3383
DA:502,0
DA:506,3383
BRDA:506,36,0,-
BRDA:506,36,1,3383
DA:507,0
DA:510,3383
DA:512,3383
DA:513,3383
BRDA:513,37,0,-
BRDA:513,37,1,-
DA:514,0
DA:529,3383
DA:536,3383
DA:537,3383
BRDA:537,38,0,-
BRDA:537,38,1,3383
DA:544,3383
DA:545,3383
BRDA:545,39,0,-
BRDA:545,39,1,3383
DA:547,3383
DA:548,3383
BRDA:548,40,0,-
BRDA:548,40,1,3383
DA:551,3383
DA:552,3383
DA:555,3383
DA:556,3383
DA:562,3383
FN:571,MToken.redeemInternal
FNDA:2,MToken.redeemInternal
DA:572,2
DA:573,2
BRDA:573,41,0,-
BRDA:573,41,1,-
DA:575,0
DA:578,2
FN:587,MToken.redeemUnderlyingInternal
FNDA:0,MToken.redeemUnderlyingInternal
DA:588,0
DA:589,0
BRDA:589,42,0,-
BRDA:589,42,1,-
DA:591,0
DA:594,0
FN:615,MToken.redeemFresh
FNDA:2,MToken.redeemFresh
DA:616,2
BRDA:616,43,0,-
BRDA:616,43,1,2
DA:618,2
DA:621,2
DA:622,2
BRDA:622,44,0,-
BRDA:622,44,1,-
DA:623,0
DA:627,2
BRDA:627,45,0,-
BRDA:627,45,1,-
DA:633,2
BRDA:633,46,0,-
BRDA:633,46,1,2
DA:634,0
DA:636,2
DA:639,2
DA:640,2
BRDA:640,47,0,-
BRDA:640,47,1,-
DA:641,0
DA:649,0
BRDA:649,48,0,-
BRDA:649,48,1,-
DA:650,0
DA:652,0
DA:653,0
BRDA:653,49,0,-
BRDA:653,49,1,-
DA:654,0
DA:657,0
DA:659,0
DA:660,0
BRDA:660,50,0,-
BRDA:660,50,1,-
DA:661,0
DA:667,2
DA:668,2
BRDA:668,51,0,-
BRDA:668,51,1,2
DA:669,0
DA:673,2
BRDA:673,52,0,-
BRDA:673,52,1,2
DA:674,0
DA:682,2
DA:683,2
BRDA:683,53,0,-
BRDA:683,53,1,-
DA:684,0
DA:687,2
DA:688,2
BRDA:688,54,0,-
BRDA:688,54,1,-
DA:689,0
DA:693,2
BRDA:693,55,0,-
BRDA:693,55,1,2
DA:694,0
DA:702,2
DA:703,2
DA:706,2
DA:707,2
DA:710,2
DA:718,2
DA:720,2
FN:728,MToken.borrowInternal
FNDA:1809,MToken.borrowInternal
DA:729,1809
DA:730,1809
BRDA:730,56,0,-
BRDA:730,56,1,-
DA:732,0
DA:735,1809
FN:750,MToken.borrowFresh
FNDA:1809,MToken.borrowFresh
DA:752,1809
DA:753,1809
BRDA:753,57,0,-
BRDA:753,57,1,1809
DA:754,0
DA:758,1809
BRDA:758,58,0,-
BRDA:758,58,1,1809
DA:759,0
DA:763,1809
BRDA:763,59,0,-
BRDA:763,59,1,1809
DA:764,0
DA:767,1809
DA:774,1809
DA:775,1809
BRDA:775,60,0,-
BRDA:775,60,1,-
DA:776,0
DA:779,1809
DA:780,1809
BRDA:780,61,0,-
BRDA:780,61,1,-
DA:781,0
DA:784,1809
DA:785,1809
BRDA:785,62,0,-
BRDA:785,62,1,-
DA:786,0
DA:794,1809
DA:795,1809
DA:796,1809
DA:799,1809
DA:807,1809
DA:813,1809
FN:821,MToken.repayBorrowInternal
FNDA:0,MToken.repayBorrowInternal
DA:822,0
DA:823,0
BRDA:823,63,0,-
BRDA:823,63,1,-
DA:825,0
DA:828,0
FN:837,MToken.repayBorrowBehalfInternal
FNDA:0,MToken.repayBorrowBehalfInternal
DA:838,0
DA:839,0
BRDA:839,64,0,-
BRDA:839,64,1,-
DA:841,0
DA:844,0
FN:865,MToken.repayBorrowFresh
FNDA:0,MToken.repayBorrowFresh
DA:867,0
DA:868,0
BRDA:868,65,0,-
BRDA:868,65,1,-
DA:869,0
DA:873,0
BRDA:873,66,0,-
BRDA:873,66,1,-
DA:874,0
DA:877,0
DA:880,0
DA:883,0
DA:884,0
BRDA:884,67,0,-
BRDA:884,67,1,-
DA:885,0
DA:889,0
BRDA:889,68,0,-
BRDA:889,68,1,-
DA:890,0
DA:892,0
DA:906,0
DA:913,0
DA:914,0
BRDA:914,69,0,-
BRDA:914,69,1,-
DA:916,0
DA:917,0
BRDA:917,70,0,-
BRDA:917,70,1,-
DA:920,0
DA:921,0
DA:922,0
DA:925,0
DA:931,0
FN:942,MToken.liquidateBorrowInternal
FNDA:0,MToken.liquidateBorrowInternal
DA:943,0
DA:944,0
BRDA:944,71,0,-
BRDA:944,71,1,-
DA:946,0
DA:949,0
DA:950,0
BRDA:950,72,0,-
BRDA:950,72,1,-
DA:952,0
DA:956,0
FN:968,MToken.liquidateBorrowFresh
FNDA:0,MToken.liquidateBorrowFresh
DA:970,0
DA:971,0
BRDA:971,73,0,-
BRDA:971,73,1,-
DA:972,0
DA:976,0
BRDA:976,74,0,-
BRDA:976,74,1,-
DA:977,0
DA:981,0
BRDA:981,75,0,-
BRDA:981,75,1,-
DA:982,0
DA:986,0
BRDA:986,76,0,-
BRDA:986,76,1,-
DA:987,0
DA:991,0
BRDA:991,77,0,-
BRDA:991,77,1,-
DA:992,0
DA:996,0
BRDA:996,78,0,-
BRDA:996,78,1,-
DA:997,0
DA:1002,0
DA:1003,0
BRDA:1003,79,0,-
BRDA:1003,79,1,-
DA:1004,0
DA:1012,0
DA:1013,0
BRDA:1013,80,0,-
BRDA:1013,80,1,-
DA:1016,0
BRDA:1016,81,0,-
BRDA:1016,81,1,-
DA:1019,0
DA:1020,0
BRDA:1020,82,0,-
BRDA:1020,82,1,-
DA:1021,0
DA:1023,0
DA:1027,0
BRDA:1027,83,0,-
BRDA:1027,83,1,-
DA:1030,0
DA:1036,0
FN:1048,MToken.seize
FNDA:0,MToken.seize
DA:1049,0
FN:1074,MToken.seizeInternal
FNDA:0,MToken.seizeInternal
DA:1076,0
DA:1077,0
BRDA:1077,84,0,-
BRDA:1077,84,1,-
DA:1078,0
DA:1082,0
BRDA:1082,85,0,-
BRDA:1082,85,1,-
DA:1083,0
DA:1086,0
DA:1093,0
DA:1094,0
BRDA:1094,86,0,-
BRDA:1094,86,1,-
DA:1095,0
DA:1098,0
DA:1099,0
DA:1101,0
DA:1102,0
BRDA:1102,87,0,-
BRDA:1102,87,1,-
DA:1104,0
DA:1106,0
DA:1107,0
DA:1109,0
DA:1110,0
BRDA:1110,88,0,-
BRDA:1110,88,1,-
DA:1111,0
DA:1119,0
DA:1120,0
DA:1121,0
DA:1122,0
DA:1125,0
DA:1126,0
DA:1127,0
DA:1133,0
FN:1145,MToken._setPendingAdmin
FNDA:0,MToken._setPendingAdmin
DA:1147,0
BRDA:1147,89,0,-
BRDA:1147,89,1,-
DA:1148,0
DA:1152,0
DA:1155,0
DA:1158,0
DA:1160,0
FN:1168,MToken._acceptAdmin
FNDA:0,MToken._acceptAdmin
DA:1170,0
BRDA:1170,90,0,-
BRDA:1170,90,1,-
DA:1171,0
DA:1175,0
DA:1176,0
DA:1179,0
DA:1182,0
DA:1184,0
DA:1185,0
DA:1187,0
FN:1195,MToken._setComptroller
FNDA:0,MToken._setComptroller
DA:1197,4
BRDA:1197,91,0,-
BRDA:1197,91,1,4
DA:1198,0
DA:1201,4
DA:1203,4
BRDA:1203,92,0,-
BRDA:1203,92,1,4
DA:1206,4
DA:1209,4
DA:1211,4
FN:1219,MToken._setReserveFactor
FNDA:0,MToken._setReserveFactor
DA:1220,0
DA:1221,0
BRDA:1221,93,0,-
BRDA:1221,93,1,-
DA:1223,0
DA:1226,0
FN:1234,MToken._setReserveFactorFresh
FNDA:0,MToken._setReserveFactorFresh
DA:1236,0
BRDA:1236,94,0,-
BRDA:1236,94,1,-
DA:1237,0
DA:1241,0
BRDA:1241,95,0,-
BRDA:1241,95,1,-
DA:1242,0
DA:1246,0
BRDA:1246,96,0,-
BRDA:1246,96,1,-
DA:1247,0
DA:1250,0
DA:1251,0
DA:1253,0
DA:1255,0
FN:1263,MToken._addReservesInternal
FNDA:0,MToken._addReservesInternal
DA:1264,0
DA:1265,0
BRDA:1265,97,0,-
BRDA:1265,97,1,-
DA:1267,0
DA:1271,0
DA:1272,0
FN:1281,MToken._addReservesFresh
FNDA:0,MToken._addReservesFresh
DA:1283,0
DA:1284,0
DA:1287,0
BRDA:1287,98,0,-
BRDA:1287,98,1,-
DA:1288,0
DA:1303,0
DA:1305,0
DA:1308,0
BRDA:1308,99,0,-
BRDA:1308,99,1,-
DA:1311,0
DA:1314,0
DA:1317,0
FN:1326,MToken._reduceReserves
FNDA:0,MToken._reduceReserves
DA:1327,0
DA:1328,0
BRDA:1328,100,0,-
BRDA:1328,100,1,-
DA:1330,0
DA:1333,0
FN:1342,MToken._reduceReservesFresh
FNDA:0,MToken._reduceReservesFresh
DA:1344,0
DA:1347,0
BRDA:1347,101,0,-
BRDA:1347,101,1,-
DA:1348,0
DA:1352,0
BRDA:1352,102,0,-
BRDA:1352,102,1,-
DA:1353,0
DA:1357,0
BRDA:1357,103,0,-
BRDA:1357,103,1,-
DA:1358,0
DA:1362,0
BRDA:1362,104,0,-
BRDA:1362,104,1,-
DA:1363,0
DA:1370,0
DA:1372,0
BRDA:1372,105,0,-
BRDA:1372,105,1,-
DA:1375,0
DA:1378,0
DA:1380,0
DA:1382,0
FN:1391,MToken._setInterestRateModel
FNDA:0,MToken._setInterestRateModel
DA:1392,0
DA:1393,0
BRDA:1393,106,0,-
BRDA:1393,106,1,-
DA:1395,0
DA:1398,0
FN:1407,MToken._setInterestRateModelFresh
FNDA:4,MToken._setInterestRateModelFresh
DA:1410,4
DA:1413,4
BRDA:1413,107,0,-
BRDA:1413,107,1,4
DA:1414,0
DA:1418,4
BRDA:1418,108,0,-
BRDA:1418,108,1,4
DA:1419,0
DA:1423,4
DA:1426,4
BRDA:1426,109,0,-
BRDA:1426,109,1,4
DA:1429,4
DA:1432,4
DA:1434,4
FN:1443,MToken._setProtocolSeizeShare
FNDA:0,MToken._setProtocolSeizeShare
DA:1444,0
DA:1445,0
BRDA:1445,110,0,-
BRDA:1445,110,1,-
DA:1447,0
DA:1450,0
FN:1459,MToken._setProtocolSeizeShareFresh
FNDA:0,MToken._setProtocolSeizeShareFresh
DA:1462,0
DA:1465,0
BRDA:1465,111,0,-
BRDA:1465,111,1,-
DA:1466,0
DA:1470,0
BRDA:1470,112,0,-
BRDA:1470,112,1,-
DA:1471,0
DA:1475,0
DA:1478,0
DA:1481,0
DA:1483,0
FNF:48
FNH:18
LF:436
LH:198
BRF:226
BRH:45
end_of_record
TN:
SF:src/core/MultiRewardDistributor/MultiRewardDistributor.sol
FN:88,MultiRewardDistributor.initialize
FNDA:19,MultiRewardDistributor.initialize
DA:93,18
BRDA:93,0,0,1
BRDA:93,0,1,17
DA:97,17
BRDA:97,1,0,1
BRDA:97,1,1,16
DA:102,16
DA:104,16
BRDA:104,2,0,1
BRDA:104,2,1,15
DA:109,15
DA:110,15
FN:184,MultiRewardDistributor.getCurrentOwner
FNDA:1,MultiRewardDistributor.getCurrentOwner
DA:188,1
DA:189,1
DA:193,1
FN:197,MultiRewardDistributor.getAllMarketConfigs
FNDA:1,MultiRewardDistributor.getAllMarketConfigs
DA:200,1
DA:204,1
DA:209,1
DA:210,1
DA:211,1
DA:214,1
FN:218,MultiRewardDistributor.getConfigForMarket
FNDA:6,MultiRewardDistributor.getConfigForMarket
DA:222,6
DA:223,6
DA:227,5
FN:231,MultiRewardDistributor.getOutstandingRewardsForUser
FNDA:1,MultiRewardDistributor.getOutstandingRewardsForUser
DA:234,1
DA:236,1
DA:240,1
DA:241,1
DA:246,1
DA:252,1
FN:256,MultiRewardDistributor.getOutstandingRewardsForUser
FNDA:1545,MultiRewardDistributor.getOutstandingRewardsForUser
DA:261,1546
DA:266,1546
DA:269,1546
DA:281,1546
DA:282,1546
DA:285,1546
DA:294,1546
DA:306,1546
DA:313,1546
DA:321,1546
DA:329,1546
FN:333,MultiRewardDistributor.getCurrentEmissionCap
FNDA:521,MultiRewardDistributor.getCurrentEmissionCap
DA:334,521
FN:340,MultiRewardDistributor.getGlobalSupplyIndex
FNDA:2,MultiRewardDistributor.getGlobalSupplyIndex
DA:344,2
DA:349,2
FN:355,MultiRewardDistributor.getGlobalBorrowIndex
FNDA:0,MultiRewardDistributor.getGlobalBorrowIndex
DA:359,0
DA:364,0
FN:382,MultiRewardDistributor._addEmissionConfig
FNDA:1080,MultiRewardDistributor._addEmissionConfig
DA:392,1079
DA:393,1079
BRDA:393,3,0,1
BRDA:393,3,1,1078
DA:399,1078
BRDA:399,4,0,2
BRDA:399,4,1,1076
DA:403,1076
BRDA:403,5,0,1
BRDA:403,5,1,1075
DA:409,1075
BRDA:409,6,0,1
BRDA:409,6,1,1074
DA:414,1074
DA:419,1074
DA:420,47
DA:421,47
BRDA:421,7,0,1
BRDA:421,7,1,46
DA:428,1073
DA:452,1073
DA:462,1073
DA:463,1073
FN:471,MultiRewardDistributor._rescueFunds
FNDA:3,MultiRewardDistributor._rescueFunds
DA:475,2
DA:477,2
BRDA:477,8,0,-
BRDA:477,8,1,1
DA:478,1
DA:483,1
DA:486,2
FN:493,MultiRewardDistributor._setPauseGuardian
FNDA:3,MultiRewardDistributor._setPauseGuardian
DA:496,2
BRDA:496,9,0,1
BRDA:496,9,1,1
DA:501,1
DA:503,1
DA:505,1
FN:512,MultiRewardDistributor._setEmissionCap
FNDA:2,MultiRewardDistributor._setEmissionCap
DA:515,1
DA:517,1
DA:519,1
FN:536,MultiRewardDistributor.updateMarketSupplyIndex
FNDA:3400,MultiRewardDistributor.updateMarketSupplyIndex
DA:539,3399
FN:549,MultiRewardDistributor.disburseSupplierRewards
FNDA:3397,MultiRewardDistributor.disburseSupplierRewards
DA:554,3396
FN:564,MultiRewardDistributor.updateMarketSupplyIndexAndDisburseSupplierRewards
FNDA:3395,MultiRewardDistributor.updateMarketSupplyIndexAndDisburseSupplierRewards
DA:569,3394
DA:570,3394
FN:577,MultiRewardDistributor.updateMarketBorrowIndex
FNDA:3396,MultiRewardDistributor.updateMarketBorrowIndex
DA:580,3395
FN:590,MultiRewardDistributor.disburseBorrowerRewards
FNDA:3394,MultiRewardDistributor.disburseBorrowerRewards
DA:595,3393
FN:605,MultiRewardDistributor.updateMarketBorrowIndexAndDisburseBorrowerRewards
FNDA:1809,MultiRewardDistributor.updateMarketBorrowIndexAndDisburseBorrowerRewards
DA:610,1808
DA:611,1808
FN:628,MultiRewardDistributor._pauseRewards
FNDA:2,MultiRewardDistributor._pauseRewards
DA:629,1
DA:631,1
FN:635,MultiRewardDistributor._unpauseRewards
FNDA:2,MultiRewardDistributor._unpauseRewards
DA:636,1
DA:638,1
FN:659,MultiRewardDistributor._updateSupplySpeed
FNDA:4,MultiRewardDistributor._updateSupplySpeed
DA:664,3
DA:665,3
DA:670,3
DA:674,3
BRDA:674,10,0,1
BRDA:674,10,1,2
DA:678,2
BRDA:678,11,0,1
BRDA:678,11,1,1
DA:684,1
DA:687,1
DA:689,1
FN:703,MultiRewardDistributor._updateBorrowSpeed
FNDA:4,MultiRewardDistributor._updateBorrowSpeed
DA:708,3
DA:709,3
DA:714,3
DA:718,3
BRDA:718,12,0,1
BRDA:718,12,1,2
DA:722,2
BRDA:722,13,0,1
BRDA:722,13,1,1
DA:728,1
DA:731,1
DA:733,1
FN:747,MultiRewardDistributor._updateOwner
FNDA:2,MultiRewardDistributor._updateOwner
DA:752,1
DA:753,1
DA:758,1
DA:760,1
DA:761,1
FN:775,MultiRewardDistributor._updateEndTime
FNDA:5,MultiRewardDistributor._updateEndTime
DA:780,4
DA:781,4
DA:786,4
DA:789,4
BRDA:789,14,0,1
BRDA:789,14,1,3
DA:793,3
BRDA:793,15,0,2
BRDA:793,15,1,1
DA:800,1
DA:801,1
DA:803,1
DA:804,1
FN:827,MultiRewardDistributor.calculateSupplyRewardsForUser
FNDA:8329,MultiRewardDistributor.calculateSupplyRewardsForUser
DA:833,8329
DA:837,8329
BRDA:836,16,0,3385
BRDA:836,16,1,8329
DA:839,3385
DA:843,8329
DA:848,8329
DA:850,8329
DA:851,8329
FN:865,MultiRewardDistributor.calculateBorrowRewardsForUser
FNDA:6753,MultiRewardDistributor.calculateBorrowRewardsForUser
DA:872,6753
DA:876,6753
BRDA:875,17,0,3640
BRDA:875,17,1,6753
DA:878,3640
DA:882,6753
DA:886,6753
DA:892,6753
DA:894,6753
DA:895,6753
FN:912,MultiRewardDistributor.calculateNewIndex
FNDA:15091,MultiRewardDistributor.calculateNewIndex
DA:919,15091
DA:923,15091
DA:932,15091
BRDA:932,18,0,2
BRDA:932,18,1,10
DA:937,12
BRDA:937,19,0,2
BRDA:937,19,1,10
DA:938,2
DA:942,10
DA:948,15091
BRDA:948,20,0,12467
BRDA:948,20,1,2624
DA:949,12467
DA:950,12467
DA:957,2624
DA:958,2624
DA:962,2624
DA:967,2624
FN:976,MultiRewardDistributor.fetchConfigByEmissionToken
FNDA:33,MultiRewardDistributor.fetchConfigByEmissionToken
DA:980,33
DA:983,33
DA:984,32
DA:985,32
BRDA:985,21,0,32
BRDA:985,21,1,-
DA:986,32
DA:990,1
FN:1001,MultiRewardDistributor.updateMarketSupplyIndexInternal
FNDA:6795,MultiRewardDistributor.updateMarketSupplyIndexInternal
DA:1002,6795
DA:1006,6795
DA:1009,6795
DA:1010,6788
DA:1013,6788
DA:1022,6788
DA:1023,6788
DA:1025,6788
FN:1041,MultiRewardDistributor.disburseSupplierRewardsInternal
FNDA:6790,MultiRewardDistributor.disburseSupplierRewardsInternal
DA:1046,6790
DA:1050,6790
DA:1053,6790
DA:1054,6783
DA:1056,6783
DA:1064,6783
DA:1068,6783
DA:1070,6783
DA:1082,6783
BRDA:1082,22,0,3406
BRDA:1082,22,1,6783
DA:1084,3406
DA:1090,3406
FN:1101,MultiRewardDistributor.updateMarketBorrowIndexInternal
FNDA:5205,MultiRewardDistributor.updateMarketBorrowIndexInternal
DA:1102,5205
DA:1106,5205
DA:1109,5205
DA:1112,5205
DA:1113,5211
DA:1116,5211
DA:1125,5211
DA:1127,5211
DA:1131,5211
FN:1147,MultiRewardDistributor.disburseBorrowerRewardsInternal
FNDA:5201,MultiRewardDistributor.disburseBorrowerRewardsInternal
DA:1152,5201
DA:1156,5201
DA:1157,5201
DA:1163,5201
DA:1164,5207
DA:1167,5207
DA:1176,5207
DA:1181,5207
DA:1183,5207
DA:1192,5207
BRDA:1192,23,0,3402
BRDA:1192,23,1,5207
DA:1194,3402
DA:1200,3402
FN:1214,MultiRewardDistributor.sendReward
FNDA:6808,MultiRewardDistributor.sendReward
DA:1220,6808
BRDA:1220,24,0,2040
BRDA:1220,24,1,4768
DA:1221,2040
DA:1225,4768
BRDA:1225,25,0,1
BRDA:1225,25,1,4767
DA:1226,1
DA:1229,4767
DA:1232,4767
DA:1235,4767
BRDA:1235,26,0,4765
BRDA:1235,26,1,2
DA:1237,4765
DA:1238,4765
DA:1242,2
DA:1245,2
FNF:34
FNH:33
LF:192
LH:190
BRF:54
BRH:52
end_of_record
TN:
SF:src/core/Oracles/ChainlinkCompositeOracle.sol
FN:45,ChainlinkCompositeOracle.latestRoundData
FNDA:2,ChainlinkCompositeOracle.latestRoundData
DA:56,2
BRDA:56,0,0,1
BRDA:56,0,1,1
DA:57,1
DA:69,1
FN:82,ChainlinkCompositeOracle.calculatePrice
FNDA:512,ChainlinkCompositeOracle.calculatePrice
DA:87,521
FN:95,ChainlinkCompositeOracle.getDerivedPrice
FNDA:6,ChainlinkCompositeOracle.getDerivedPrice
DA:100,7
BRDA:100,1,0,2
BRDA:100,1,1,5
DA:105,5
DA:107,5
DA:108,3
DA:114,3
FN:121,ChainlinkCompositeOracle.getPriceAndScale
FNDA:0,ChainlinkCompositeOracle.getPriceAndScale
DA:125,17
DA:128,15
FN:139,ChainlinkCompositeOracle.getDerivedPriceThreeOracles
FNDA:4,ChainlinkCompositeOracle.getDerivedPriceThreeOracles
DA:145,5
BRDA:145,2,0,2
BRDA:145,2,1,3
DA:150,3
DA:152,3
DA:153,3
DA:157,3
DA:163,3
DA:170,3
FN:177,ChainlinkCompositeOracle.getPriceAndDecimals
FNDA:0,ChainlinkCompositeOracle.getPriceAndDecimals
DA:180,17
DA:186,17
DA:187,17
DA:188,17
BRDA:188,3,0,2
BRDA:188,3,1,15
DA:189,15
DA:191,15
FN:199,ChainlinkCompositeOracle.scalePrice
FNDA:512,ChainlinkCompositeOracle.scalePrice
DA:204,527
BRDA:204,4,0,216
BRDA:204,4,1,311
DA:205,216
DA:206,216
DA:207,311
BRDA:207,5,0,247
BRDA:207,5,1,64
DA:208,247
DA:209,247
DA:214,64
FNF:7
FNH:5
LF:31
LH:31
BRF:12
BRH:12
end_of_record
TN:
SF:src/core/Oracles/ChainlinkOracle.sol
FN:58,ChainlinkOracle.getUnderlyingPrice
FNDA:0,ChainlinkOracle.getUnderlyingPrice
DA:61,0
DA:62,0
BRDA:62,0,0,-
BRDA:62,0,1,-
DA:63,0
DA:65,0
FN:74,ChainlinkOracle.getPrice
FNDA:0,ChainlinkOracle.getPrice
DA:75,0
DA:79,0
BRDA:79,1,0,-
BRDA:79,1,1,-
DA:80,0
DA:82,0
DA:85,0
DA:87,0
BRDA:87,2,0,-
BRDA:87,2,1,-
DA:88,0
DA:90,0
FN:97,ChainlinkOracle.getChainlinkPrice
FNDA:0,ChainlinkOracle.getChainlinkPrice
DA:100,0
DA:102,0
BRDA:102,3,0,-
BRDA:102,3,1,-
DA:103,0
BRDA:103,4,0,-
BRDA:103,4,1,-
DA:106,0
DA:108,0
BRDA:108,5,0,-
BRDA:108,5,1,-
DA:109,0
DA:111,0
FN:118,ChainlinkOracle.setUnderlyingPrice
FNDA:0,ChainlinkOracle.setUnderlyingPrice
DA:122,0
DA:123,0
DA:129,0
FN:135,ChainlinkOracle.setDirectPrice
FNDA:0,ChainlinkOracle.setDirectPrice
DA:136,0
DA:137,0
FN:144,ChainlinkOracle.setFeed
FNDA:0,ChainlinkOracle.setFeed
DA:145,0
BRDA:145,6,0,-
BRDA:145,6,1,-
DA:149,0
DA:150,0
FN:158,ChainlinkOracle.getFeed
FNDA:0,ChainlinkOracle.getFeed
DA:161,0
FN:167,ChainlinkOracle.assetPrices
FNDA:0,ChainlinkOracle.assetPrices
DA:168,0
FN:173,ChainlinkOracle.setAdmin
FNDA:0,ChainlinkOracle.setAdmin
DA:174,0
DA:175,0
DA:177,0
FNF:9
FNH:0
LF:32
LH:0
BRF:14
BRH:0
end_of_record
TN:
SF:src/core/Oracles/wstETHOracle.sol
FN:28,wstETHOracle.getPrice
FNDA:1,wstETHOracle.getPrice
DA:29,2
FN:33,wstETHOracle.latestRoundData
FNDA:1,wstETHOracle.latestRoundData
DA:38,1
FNF:2
FNH:2
LF:2
LH:2
BRF:0
BRH:0
end_of_record
TN:
SF:src/core/SafeMath.sol
FN:29,SafeMath.add
FNDA:0,SafeMath.add
DA:30,0
DA:31,0
BRDA:31,0,0,-
BRDA:31,0,1,-
DA:33,0
FN:44,SafeMath.add
FNDA:0,SafeMath.add
DA:45,0
DA:46,0
BRDA:46,1,0,-
BRDA:46,1,1,-
DA:48,0
FN:59,SafeMath.sub
FNDA:0,SafeMath.sub
DA:60,0
FN:71,SafeMath.sub
FNDA:0,SafeMath.sub
DA:72,0
BRDA:72,2,0,-
BRDA:72,2,1,-
DA:73,0
DA:75,0
FN:86,SafeMath.mul
FNDA:0,SafeMath.mul
DA:90,0
BRDA:90,3,0,-
BRDA:90,3,1,-
DA:91,0
DA:94,0
DA:95,0
BRDA:95,4,0,-
BRDA:95,4,1,-
DA:97,0
FN:108,SafeMath.mul
FNDA:0,SafeMath.mul
DA:112,0
BRDA:112,5,0,-
BRDA:112,5,1,-
DA:113,0
DA:116,0
DA:117,0
BRDA:117,6,0,-
BRDA:117,6,1,-
DA:119,0
FN:133,SafeMath.div
FNDA:0,SafeMath.div
DA:134,0
FN:148,SafeMath.div
FNDA:0,SafeMath.div
DA:150,0
BRDA:150,7,0,-
BRDA:150,7,1,-
DA:151,0
DA:154,0
FN:168,SafeMath.mod
FNDA:0,SafeMath.mod
DA:169,0
FN:183,SafeMath.mod
FNDA:0,SafeMath.mod
DA:184,0
BRDA:184,8,0,-
BRDA:184,8,1,-
DA:185,0
FNF:10
FNH:0
LF:27
LH:0
BRF:18
BRH:0
end_of_record
TN:
SF:src/core/Timelock.sol
FN:35,Timelock.setDelay
FNDA:0,Timelock.setDelay
DA:36,0
BRDA:36,0,0,-
BRDA:36,0,1,-
DA:37,0
BRDA:37,1,0,-
BRDA:37,1,1,-
DA:38,0
BRDA:38,2,0,-
BRDA:38,2,1,-
DA:39,0
DA:41,0
FN:44,Timelock.acceptAdmin
FNDA:0,Timelock.acceptAdmin
DA:45,0
BRDA:45,3,0,-
BRDA:45,3,1,-
DA:46,0
DA:47,0
DA:49,0
FN:52,Timelock.setPendingAdmin
FNDA:0,Timelock.setPendingAdmin
DA:53,0
BRDA:53,4,0,-
BRDA:53,4,1,-
DA:54,0
DA:56,0
FN:59,Timelock.queueTransaction
FNDA:0,Timelock.queueTransaction
DA:60,0
BRDA:60,5,0,-
BRDA:60,5,1,-
DA:61,0
BRDA:61,6,0,-
BRDA:61,6,1,-
DA:63,0
DA:64,0
DA:66,0
DA:67,0
FN:70,Timelock.cancelTransaction
FNDA:0,Timelock.cancelTransaction
DA:71,0
BRDA:71,7,0,-
BRDA:71,7,1,-
DA:73,0
DA:74,0
DA:76,0
FN:79,Timelock.executeTransaction
FNDA:0,Timelock.executeTransaction
DA:80,0
BRDA:80,8,0,-
BRDA:80,8,1,-
DA:82,0
DA:83,0
BRDA:83,9,0,-
BRDA:83,9,1,-
DA:84,0
BRDA:84,10,0,-
BRDA:84,10,1,-
DA:85,0
BRDA:85,11,0,-
BRDA:85,11,1,-
DA:87,0
DA:89,0
DA:91,0
BRDA:91,12,0,-
BRDA:91,12,1,-
DA:92,0
DA:94,0
DA:98,0
DA:99,0
BRDA:99,13,0,-
BRDA:99,13,1,-
DA:101,0
DA:103,0
FN:106,Timelock.fastTrackExecuteTransaction
FNDA:0,Timelock.fastTrackExecuteTransaction
DA:112,0
BRDA:112,14,0,-
BRDA:112,14,1,-
DA:114,0
DA:115,0
DA:116,0
DA:118,0
BRDA:118,15,0,-
BRDA:118,15,1,-
DA:119,0
DA:121,0
DA:125,0
DA:126,0
BRDA:126,16,0,-
BRDA:126,16,1,-
DA:128,0
DA:130,0
FN:133,Timelock.getBlockTimestamp
FNDA:0,Timelock.getBlockTimestamp
DA:135,0
FNF:8
FNH:0
LF:48
LH:0
BRF:34
BRH:0
end_of_record
TN:
SF:src/core/Unitroller.sol
FN:39,Unitroller._setPendingImplementation
FNDA:2,Unitroller._setPendingImplementation
DA:41,2
BRDA:41,0,0,-
BRDA:41,0,1,2
DA:42,0
DA:45,2
DA:47,2
DA:49,2
DA:51,2
FN:59,Unitroller._acceptImplementation
FNDA:2,Unitroller._acceptImplementation
DA:61,2
BRDA:61,1,0,-
BRDA:61,1,1,2
DA:62,0
DA:66,2
DA:67,2
DA:69,2
DA:71,2
DA:73,2
DA:74,2
DA:76,2
FN:86,Unitroller._setPendingAdmin
FNDA:0,Unitroller._setPendingAdmin
DA:88,0
BRDA:88,2,0,-
BRDA:88,2,1,-
DA:89,0
DA:93,0
DA:96,0
DA:99,0
DA:101,0
FN:109,Unitroller._acceptAdmin
FNDA:0,Unitroller._acceptAdmin
DA:111,0
BRDA:111,3,0,-
BRDA:111,3,1,-
DA:112,0
DA:116,0
DA:117,0
DA:120,0
DA:123,0
DA:125,0
DA:126,0
DA:128,0
FN:136,Unitroller.
FNDA:6,Unitroller.
DA:138,6
FNF:5
FNH:3
LF:31
LH:14
BRF:8
BRH:2
end_of_record
TN:
SF:src/core/router/WETHRouter.sol
FN:29,WETHRouter.mint
FNDA:6,WETHRouter.mint
DA:30,6
DA:32,6
BRDA:32,0,0,1
BRDA:32,0,1,5
DA:34,5
FN:43,WETHRouter.redeem
FNDA:4,WETHRouter.redeem
DA:44,4
DA:50,3
BRDA:50,1,0,1
BRDA:50,1,1,2
DA:55,2
DA:57,2
DA:60,2
BRDA:60,2,0,1
BRDA:60,2,1,1
FNF:2
FNH:2
LF:8
LH:8
BRF:6
BRH:6
end_of_record
TN:
SF:test/helper/FaucetToken.sol
FN:16,StandardToken.decimals
FNDA:0,StandardToken.decimals
DA:17,0
FN:29,FaucetToken.allocateTo
FNDA:4440,FaucetToken.allocateTo
DA:30,4440
DA:31,4440
FN:43,FaucetTokenWithPermit.decimals
FNDA:0,FaucetTokenWithPermit.decimals
DA:44,0
FNF:3
FNH:1
LF:4
LH:2
BRF:0
BRH:0
end_of_record
TN:
SF:test/helper/SigUtils.sol
FN:23,SigUtils.getStructHash
FNDA:3,SigUtils.getStructHash
DA:24,3
FN:37,SigUtils.getTypedDataHash
FNDA:3,SigUtils.getTypedDataHash
DA:38,3
FNF:2
FNH:2
LF:2
LH:2
BRF:0
BRH:0
end_of_record
TN:
SF:test/helper/SimplePriceOracle.sol
FN:17,SimplePriceOracle.getUnderlyingPrice
FNDA:4007,SimplePriceOracle.getUnderlyingPrice
DA:18,4007
BRDA:18,0,0,-
BRDA:18,0,1,4007
DA:19,0
DA:21,4007
FN:25,SimplePriceOracle.setUnderlyingPrice
FNDA:1,SimplePriceOracle.setUnderlyingPrice
DA:26,1
BRDA:26,1,0,-
BRDA:26,1,1,1
DA:28,1
DA:29,1
DA:30,1
FN:33,SimplePriceOracle.setDirectPrice
FNDA:0,SimplePriceOracle.setDirectPrice
DA:34,0
BRDA:34,2,0,-
BRDA:34,2,1,-
DA:36,0
DA:37,0
FN:41,SimplePriceOracle.assetPrices
FNDA:0,SimplePriceOracle.assetPrices
DA:42,0
FN:45,SimplePriceOracle.compareStrings
FNDA:4007,SimplePriceOracle.compareStrings
DA:46,4007
FNF:5
FNH:3
LF:12
LH:7
BRF:6
BRH:2
end_of_record
TN:
SF:test/integration/PostProposalCheck.sol
FN:14,PostProposalCheck.setUp
FNDA:0,PostProposalCheck.setUp
DA:15,0
DA:18,0
DA:19,0
DA:20,0
DA:21,0
DA:22,0
DA:24,0
FNF:1
FNH:0
LF:7
LH:0
BRF:0
BRH:0
end_of_record
TN:
SF:test/mock/MockCToken.sol
FN:28,MockCToken.setError
FNDA:2,MockCToken.setError
DA:29,2
FN:32,MockCToken.isCToken
FNDA:0,MockCToken.isCToken
DA:33,0
FN:36,MockCToken.underlying
FNDA:0,MockCToken.underlying
DA:37,0
FN:40,MockCToken.mint
FNDA:0,MockCToken.mint
DA:41,0
FN:44,MockCToken.mint
FNDA:2,MockCToken.mint
DA:45,2
DA:46,2
DA:47,2
FN:50,MockCToken.redeem
FNDA:1,MockCToken.redeem
DA:51,1
DA:52,1
DA:54,1
FN:57,MockCToken.redeemUnderlying
FNDA:0,MockCToken.redeemUnderlying
DA:58,0
DA:59,0
BRDA:59,0,0,-
BRDA:59,0,1,-
DA:60,0
DA:62,0
DA:64,0
FN:67,MockCToken.exchangeRateStored
FNDA:0,MockCToken.exchangeRateStored
DA:68,0
FNF:8
FNH:3
LF:16
LH:7
BRF:2
BRH:0
end_of_record
TN:
SF:test/mock/MockChainlinkOracle.sol
FN:26,MockChainlinkOracle.decimals
FNDA:15,MockChainlinkOracle.decimals
DA:27,15
FN:30,MockChainlinkOracle.description
FNDA:0,MockChainlinkOracle.description
DA:31,0
FN:34,MockChainlinkOracle.getRoundData
FNDA:0,MockChainlinkOracle.getRoundData
DA:46,0
FN:49,MockChainlinkOracle.latestRoundData
FNDA:17,MockChainlinkOracle.latestRoundData
DA:61,17
FN:64,MockChainlinkOracle.set
FNDA:2,MockChainlinkOracle.set
DA:71,2
DA:72,2
DA:73,2
DA:74,2
DA:75,2
FN:78,MockChainlinkOracle.version
FNDA:0,MockChainlinkOracle.version
DA:79,0
FNF:6
FNH:3
LF:10
LH:7
BRF:0
BRH:0
end_of_record
TN:
SF:test/mock/MockERC20.sol
FN:9,MockERC20.mint
FNDA:2,MockERC20.mint
DA:10,8
DA:11,8
FN:14,MockERC20.mockBurn
FNDA:0,MockERC20.mockBurn
DA:15,0
DA:16,0
FNF:2
FNH:1
LF:4
LH:2
BRF:0
BRH:0
end_of_record
TN:
SF:test/mock/MockWeth.sol
FN:9,MockWeth.deposit
FNDA:6,MockWeth.deposit
DA:10,6
FN:13,MockWeth.withdraw
FNDA:2,MockWeth.withdraw
DA:14,2
DA:15,2
FNF:2
FNH:2
LF:3
LH:3
BRF:0
BRH:0
end_of_record
TN:
SF:test/mock/MockWormholeCore.sol
FN:13,MockWormholeCore.setStorage
FNDA:21,MockWormholeCore.setStorage
DA:20,21
DA:21,21
DA:22,21
DA:23,21
DA:24,21
FN:27,MockWormholeCore.parseAndVerifyVM
FNDA:36,MockWormholeCore.parseAndVerifyVM
DA:34,36
DA:35,36
DA:36,36
DA:37,36
DA:39,36
DA:40,36
FNF:2
FNH:2
LF:11
LH:11
BRF:0
BRH:0
end_of_record
TN:
SF:test/proposals/Addresses.sol
FN:160,Addresses._addAddress
FNDA:0,Addresses._addAddress
DA:165,0
DA:166,0
FN:169,Addresses._addAddress
FNDA:34,Addresses._addAddress
DA:170,34
DA:171,34
FN:174,Addresses.getAddress
FNDA:51,Addresses.getAddress
DA:175,51
FN:178,Addresses.addAddress
FNDA:34,Addresses.addAddress
DA:179,34
DA:181,34
FN:184,Addresses.resetRecordingAddresses
FNDA:1,Addresses.resetRecordingAddresses
DA:185,1
FN:188,Addresses.getRecordedAddresses
FNDA:1,Addresses.getRecordedAddresses
DA:193,1
DA:194,1
DA:195,1
DA:196,17
DA:197,17
FNF:6
FNH:5
LF:13
LH:11
BRF:0
BRH:0
end_of_record
TN:
SF:test/proposals/Configs.sol
FN:41,Configs.localInit
FNDA:0,Configs.localInit
DA:42,2
BRDA:42,0,0,-
BRDA:42,0,1,2
DA:43,2
DA:45,2
FN:49,Configs.init
FNDA:0,Configs.init
DA:50,2
BRDA:50,1,0,-
BRDA:50,1,1,2
DA:51,2
DA:55,2
DA:56,2
DA:57,2
DA:64,2
DA:69,2
DA:70,2
DA:71,2
DA:73,2
DA:87,2
DA:91,2
DA:92,2
DA:96,2
DA:98,2
DA:112,2
DA:115,2
DA:118,0
BRDA:118,2,0,-
BRDA:118,2,1,-
DA:119,0
DA:123,0
DA:130,0
DA:132,0
DA:137,0
DA:151,0
DA:155,0
DA:156,0
DA:160,0
DA:162,0
DA:176,0
DA:180,0
DA:187,0
DA:189,0
DA:203,0
DA:206,0
FN:210,Configs.getCTokenConfigurations
FNDA:0,Configs.getCTokenConfigurations
DA:213,4
DA:218,4
DA:219,4
DA:220,4
DA:236,4
FNF:3
FNH:0
LF:42
LH:25
BRF:6
BRH:2
end_of_record
TN:
SF:test/proposals/DeployProposal.s.sol
FN:25,DeployProposal.setUp
FNDA:0,DeployProposal.setUp
DA:27,0
DA:29,0
DA:34,0
DA:36,0
DA:38,0
FN:41,DeployProposal.run
FNDA:0,DeployProposal.run
DA:42,0
DA:43,0
DA:44,0
DA:46,0
DA:47,0
BRDA:47,0,0,-
BRDA:47,0,1,-
DA:48,0
BRDA:48,1,0,-
BRDA:48,1,1,-
DA:49,0
BRDA:49,2,0,-
BRDA:49,2,1,-
DA:50,0
DA:52,0
BRDA:52,3,0,-
BRDA:52,3,1,-
DA:53,0
DA:56,0
DA:57,0
DA:58,0
DA:61,0
DA:63,0
DA:64,0
DA:65,0
DA:66,0
DA:67,0
DA:68,0
FNF:2
FNH:0
LF:25
LH:0
BRF:8
BRH:0
end_of_record
TN:
SF:test/proposals/GenerateProposalCalldata.s.sol
FN:25,GenerateProposalCalldata.setUp
FNDA:0,GenerateProposalCalldata.setUp
DA:26,0
DA:29,0
FN:35,GenerateProposalCalldata.run
FNDA:0,GenerateProposalCalldata.run
DA:36,0
DA:37,0
DA:39,0
DA:40,0
DA:41,0
DA:42,0
FNF:2
FNH:0
LF:8
LH:0
BRF:0
BRH:0
end_of_record
TN:
SF:test/proposals/mips/mip00.sol
FN:67,mip00.deploy
FNDA:2,mip00.deploy
DA:70,2
DA:75,2
DA:80,2
DA:83,2
DA:84,2
DA:85,2
DA:86,2
DA:88,2
BRDA:88,0,0,-
BRDA:88,0,1,2
DA:94,2
DA:101,2
DA:104,2
DA:109,2
DA:110,2
DA:119,2
DA:120,2
DA:122,2
DA:123,2
DA:125,2
DA:126,2
DA:128,2
DA:130,2
DA:136,2
DA:142,2
DA:143,2
DA:148,2
DA:154,2
DA:158,2
DA:159,2
DA:161,2
DA:162,2
DA:164,2
DA:167,2
DA:168,4
DA:169,4
DA:174,4
DA:176,4
DA:189,4
DA:193,2
DA:197,2
DA:200,2
DA:201,2
FN:204,mip00.afterDeploy
FNDA:0,mip00.afterDeploy
DA:205,0
DA:208,0
DA:209,0
DA:210,0
DA:215,0
DA:217,0
DA:221,0
DA:222,0
DA:223,0
DA:224,0
DA:225,0
DA:228,0
DA:229,0
DA:230,0
DA:231,0
DA:233,0
DA:239,0
DA:244,0
DA:250,0
DA:259,0
DA:263,0
DA:272,0
DA:275,0
FN:278,mip00.build
FNDA:2,mip00.build
DA:280,2
DA:287,2
DA:297,2
DA:308,2
DA:313,2
DA:319,2
DA:320,2
DA:322,2
DA:326,2
DA:327,0
DA:329,0
FN:342,mip00.run
FNDA:1,mip00.run
DA:343,1
FN:346,mip00.teardown
FNDA:1,mip00.teardown
FN:348,mip00.validate
FNDA:0,mip00.validate
DA:349,0
DA:355,0
DA:358,0
DA:362,0
DA:366,0
DA:373,0
DA:377,0
DA:380,0
DA:381,0
DA:384,0
DA:385,0
DA:388,0
DA:389,0
DA:392,0
DA:396,0
DA:402,0
DA:406,0
DA:412,0
DA:413,0
DA:416,0
DA:422,0
DA:430,0
DA:431,0
DA:434,0
DA:435,0
DA:436,0
DA:437,0
DA:439,0
DA:440,0
DA:443,0
DA:452,0
DA:455,0
DA:456,0
DA:464,0
DA:467,0
DA:475,0
DA:478,0
DA:479,0
DA:484,0
DA:487,0
DA:492,0
DA:496,0
DA:500,0
DA:504,0
DA:508,0
DA:511,0
DA:516,0
FNF:6
FNH:4
LF:123
LH:51
BRF:2
BRH:1
end_of_record
TN:
SF:test/proposals/proposalTypes/CrossChainProposal.sol
FN:22,CrossChainProposal._setNonce
FNDA:0,CrossChainProposal._setNonce
DA:23,0
FN:27,CrossChainProposal._pushCrossChainAction
FNDA:10,CrossChainProposal._pushCrossChainAction
DA:33,10
FN:44,CrossChainProposal._pushCrossChainAction
FNDA:10,CrossChainProposal._pushCrossChainAction
DA:49,10
FN:54,CrossChainProposal._simulateCrossChainActions
FNDA:1,CrossChainProposal._simulateCrossChainActions
DA:55,1
DA:57,1
DA:58,0
DA:62,0
BRDA:62,0,0,-
BRDA:62,0,1,-
DA:65,1
DA:67,1
FN:70,CrossChainProposal.printActions
FNDA:1,CrossChainProposal.printActions
DA:74,1
DA:76,1
DA:77,1
DA:78,1
DA:80,1
DA:81,0
BRDA:81,1,0,-
BRDA:81,1,1,-
DA:87,0
BRDA:87,2,0,-
BRDA:87,2,1,-
DA:93,0
DA:94,0
DA:95,0
DA:98,1
DA:105,1
DA:106,1
DA:108,1
DA:115,1
DA:116,1
FNF:5
FNH:4
LF:25
LH:17
BRF:6
BRH:0
end_of_record
TN:
SF:test/proposals/proposalTypes/MultisigProposal.sol
FN:16,MultisigProposal._pushMultisigAction
FNDA:0,MultisigProposal._pushMultisigAction
DA:22,0
FN:33,MultisigProposal._pushMultisigAction
FNDA:0,MultisigProposal._pushMultisigAction
DA:38,0
FN:43,MultisigProposal._simulateMultisigActions
FNDA:0,MultisigProposal._simulateMultisigActions
DA:44,0
DA:46,0
DA:47,0
DA:51,0
BRDA:51,0,0,-
BRDA:51,0,1,-
DA:57,0
FNF:3
FNH:0
LF:7
LH:0
BRF:2
BRH:0
end_of_record
TN:
SF:test/proposals/proposalTypes/Proposal.sol
FN:9,Proposal.setDebug
FNDA:0,Proposal.setDebug
DA:10,0
FNF:1
FNH:0
LF:1
LH:0
BRF:0
BRH:0
end_of_record
TN:
SF:test/proposals/proposalTypes/TimelockProposal.sol
FN:19,TimelockProposal._pushTimelockAction
FNDA:0,TimelockProposal._pushTimelockAction
DA:20,0
FN:24,TimelockProposal._pushTimelockAction
FNDA:0,TimelockProposal._pushTimelockAction
DA:25,0
FN:32,TimelockProposal._simulateTimelockActions
FNDA:0,TimelockProposal._simulateTimelockActions
DA:37,0
BRDA:37,0,0,-
BRDA:37,0,1,-
DA:39,0
DA:40,0
DA:41,0
DA:43,0
BRDA:43,1,0,-
BRDA:43,1,1,-
DA:44,0
DA:45,0
DA:48,0
DA:50,0
DA:51,0
DA:52,0
DA:53,0
DA:58,0
DA:59,0
BRDA:59,2,0,-
BRDA:59,2,1,-
DA:61,0
BRDA:61,3,0,-
BRDA:61,3,1,-
DA:66,0
DA:67,0
DA:68,0
DA:71,0
DA:73,0
BRDA:73,4,0,-
BRDA:73,4,1,-
DA:74,0
DA:75,0
DA:77,0
BRDA:77,5,0,-
BRDA:77,5,1,-
DA:78,0
DA:83,0
DA:95,0
BRDA:95,6,0,-
BRDA:95,6,1,-
DA:96,0
DA:97,0
DA:100,0
DA:102,0
BRDA:102,7,0,-
BRDA:102,7,1,-
DA:103,0
DA:104,0
DA:106,0
BRDA:106,8,0,-
BRDA:106,8,1,-
DA:107,0
DA:108,0
DA:119,0
BRDA:119,9,0,-
BRDA:119,9,1,-
DA:120,0
FNF:3
FNH:0
LF:39
LH:0
BRF:20
BRH:0
end_of_record
TN:
SF:test/unit/MultiRewardDistributor.t.sol
FN:31,Common.setupEnvironment
FNDA:0,Common.setupEnvironment
DA:32,0
DA:33,0
DA:34,0
DA:35,0
DA:37,0
DA:48,0
DA:49,0
DA:50,0
DA:52,0
DA:54,0
FN:62,Common.assertInitialMarketState
FNDA:0,Common.assertInitialMarketState
DA:66,0
DA:71,0
DA:73,0
DA:74,0
DA:75,0
DA:76,0
DA:77,0
DA:78,0
DA:79,0
DA:80,0
DA:81,0
FN:84,Common.createDistributorWithOddValuesAndConfig
FNDA:0,Common.createDistributorWithOddValuesAndConfig
DA:88,0
DA:89,0
DA:91,0
DA:92,0
DA:97,0
DA:103,0
DA:105,0
DA:108,0
DA:109,0
DA:118,0
FN:121,Common.createDistributorWithRoundValuesAndConfig
FNDA:0,Common.createDistributorWithRoundValuesAndConfig
DA:126,0
DA:127,0
DA:129,0
DA:130,0
DA:135,0
DA:141,0
DA:145,0
DA:148,0
DA:149,0
FN:159,Common.mint
FNDA:0,Common.mint
DA:160,0
DA:162,0
DA:163,0
DA:165,0
DA:166,0
FN:169,Common.borrow
FNDA:0,Common.borrow
DA:170,0
DA:171,0
FNF:6
FNH:0
LF:47
LH:0
BRF:0
BRH:0
end_of_record
